This is pdfTeX, Version 3.141592653-2.6-1.40.29 (TeX Live 2026) (preloaded format=pdflatex 2026.3.1)  15 APR 2026 21:56
entering extended mode
 restricted \write18 enabled.
 %&-line parsing enabled.
**main.tex
(./main.tex
LaTeX2e <2025-11-01>
L3 programming layer <2026-01-19>
(/usr/local/texlive/2026/texmf-dist/tex/latex/base/article.cls
Document Class: article 2025/01/22 v1.4n Standard LaTeX document class
(/usr/local/texlive/2026/texmf-dist/tex/latex/base/size11.clo
File: size11.clo 2025/01/22 v1.4n Standard LaTeX file (size option)
)
\c@part=\count275
\c@section=\count276
\c@subsection=\count277
\c@subsubsection=\count278
\c@paragraph=\count279
\c@subparagraph=\count280
\c@figure=\count281
\c@table=\count282
\abovecaptionskip=\skip49
\belowcaptionskip=\skip50
\bibindent=\dimen148
)
(/usr/local/texlive/2026/texmf-dist/tex/latex/base/inputenc.sty
Package: inputenc 2024/02/08 v1.3d Input encoding file
\inpenc@prehook=\toks17
\inpenc@posthook=\toks18
)
(/usr/local/texlive/2026/texmf-dist/tex/generic/babel/babel.sty
Package: babel 2026/02/14 v26.3 The multilingual framework for LuaLaTeX, pdfLaT
eX and XeLaTeX
\babel@savecnt=\count283
LaTeX Encoding Info:    Redeclaring text command \ij (encoding OT1) on input li
ne 2078.
LaTeX Encoding Info:    Redeclaring text command \IJ (encoding OT1) on input li
ne 2080.
LaTeX Encoding Info:    Redeclaring text command \ij (encoding T1) on input lin
e 2082.
LaTeX Encoding Info:    Redeclaring text command \IJ (encoding T1) on input lin
e 2083.
LaTeX Encoding Info:    Ignoring declaration for text command \ij (encoding ?) 
on input line 2084.
LaTeX Encoding Info:    Ignoring declaration for text command \IJ (encoding ?) 
on input line 2086.
LaTeX Encoding Info:    Ignoring declaration for text command \SS (encoding ?) 
on input line 2111.
\U@D=\dimen149
\l@unhyphenated=\language91

(/usr/local/texlive/2026/texmf-dist/tex/generic/babel/txtbabel.def)
\bbl@readstream=\read2
\bbl@dirlevel=\count284

(/usr/local/texlive/2026/texmf-dist/tex/generic/babel/locale/en/babel-english.t
ex)
Package babel Info: Importing font and identification data for english
(babel)             from babel-en.ini. Reported on input line 4330.
 (/usr/local/texlive/2026/texmf-dist/tex/generic/babel-english/english.ldf
Language: english 2017/06/06 v3.3r English support from the babel system
Package babel Info: Hyphen rules for 'canadian' set to \l@english
(babel)             (\language0). Reported on input line 102.
Package babel Info: Hyphen rules for 'australian' set to \l@ukenglish
(babel)             (\language22). Reported on input line 105.
Package babel Info: Hyphen rules for 'newzealand' set to \l@ukenglish
(babel)             (\language22). Reported on input line 108.
)) (/usr/local/texlive/2026/texmf-dist/tex/latex/amsmath/amsmath.sty
Package: amsmath 2025/07/09 v2.17z AMS math features
\@mathmargin=\skip51

For additional information on amsmath, use the `?' option.
(/usr/local/texlive/2026/texmf-dist/tex/latex/amsmath/amstext.sty
Package: amstext 2024/11/17 v2.01 AMS text

(/usr/local/texlive/2026/texmf-dist/tex/latex/amsmath/amsgen.sty
File: amsgen.sty 1999/11/30 v2.0 generic functions
\@emptytoks=\toks19
\ex@=\dimen150
))
(/usr/local/texlive/2026/texmf-dist/tex/latex/amsmath/amsbsy.sty
Package: amsbsy 1999/11/29 v1.2d Bold Symbols
\pmbraise@=\dimen151
)
(/usr/local/texlive/2026/texmf-dist/tex/latex/amsmath/amsopn.sty
Package: amsopn 2022/04/08 v2.04 operator names
)
\inf@bad=\count285
LaTeX Info: Redefining \frac on input line 233.
\uproot@=\count286
\leftroot@=\count287
LaTeX Info: Redefining \overline on input line 398.
LaTeX Info: Redefining \colon on input line 409.
\classnum@=\count288
\DOTSCASE@=\count289
LaTeX Info: Redefining \ldots on input line 495.
LaTeX Info: Redefining \dots on input line 498.
LaTeX Info: Redefining \cdots on input line 619.
\Mathstrutbox@=\box53
\strutbox@=\box54
LaTeX Info: Redefining \big on input line 721.
LaTeX Info: Redefining \Big on input line 722.
LaTeX Info: Redefining \bigg on input line 723.
LaTeX Info: Redefining \Bigg on input line 724.
\big@size=\dimen152
LaTeX Font Info:    Redeclaring font encoding OML on input line 742.
LaTeX Font Info:    Redeclaring font encoding OMS on input line 743.
\macc@depth=\count290
LaTeX Info: Redefining \bmod on input line 904.
LaTeX Info: Redefining \pmod on input line 909.
LaTeX Info: Redefining \smash on input line 939.
LaTeX Info: Redefining \relbar on input line 969.
LaTeX Info: Redefining \Relbar on input line 970.
\c@MaxMatrixCols=\count291
\dotsspace@=\muskip17
\c@parentequation=\count292
\dspbrk@lvl=\count293
\tag@help=\toks20
\row@=\count294
\column@=\count295
\maxfields@=\count296
\andhelp@=\toks21
\eqnshift@=\dimen153
\alignsep@=\dimen154
\tagshift@=\dimen155
\tagwidth@=\dimen156
\totwidth@=\dimen157
\lineht@=\dimen158
\@envbody=\toks22
\multlinegap=\skip52
\multlinetaggap=\skip53
\mathdisplay@stack=\toks23
LaTeX Info: Redefining \[ on input line 2950.
LaTeX Info: Redefining \] on input line 2951.
)
(/usr/local/texlive/2026/texmf-dist/tex/latex/amsfonts/amssymb.sty
Package: amssymb 2013/01/14 v3.01 AMS font symbols

(/usr/local/texlive/2026/texmf-dist/tex/latex/amsfonts/amsfonts.sty
Package: amsfonts 2013/01/14 v3.01 Basic AMSFonts support
\symAMSa=\mathgroup4
\symAMSb=\mathgroup5
LaTeX Font Info:    Redeclaring math symbol \hbar on input line 98.
LaTeX Font Info:    Overwriting math alphabet `\mathfrak' in version `bold'
(Font)                  U/euf/m/n --> U/euf/b/n on input line 106.
))
(/usr/local/texlive/2026/texmf-dist/tex/latex/graphics/graphicx.sty
Package: graphicx 2024/12/31 v1.2e Enhanced LaTeX Graphics (DPC,SPQR)

(/usr/local/texlive/2026/texmf-dist/tex/latex/graphics/keyval.sty
Package: keyval 2022/05/29 v1.15 key=value parser (DPC)
\KV@toks@=\toks24
)
(/usr/local/texlive/2026/texmf-dist/tex/latex/graphics/graphics.sty
Package: graphics 2024/08/06 v1.4g Standard LaTeX Graphics (DPC,SPQR)

(/usr/local/texlive/2026/texmf-dist/tex/latex/graphics/trig.sty
Package: trig 2023/12/02 v1.11 sin cos tan (DPC)
)
(/usr/local/texlive/2026/texmf-dist/tex/latex/graphics-cfg/graphics.cfg
File: graphics.cfg 2016/06/04 v1.11 sample graphics configuration
)
Package graphics Info: Driver file: pdftex.def on input line 106.

(/usr/local/texlive/2026/texmf-dist/tex/latex/graphics-def/pdftex.def
File: pdftex.def 2025/09/29 v1.2d Graphics/color driver for pdftex
))
\Gin@req@height=\dimen159
\Gin@req@width=\dimen160
)
(/usr/local/texlive/2026/texmf-dist/tex/latex/booktabs/booktabs.sty
Package: booktabs 2020/01/12 v1.61803398 Publication quality tables
\heavyrulewidth=\dimen161
\lightrulewidth=\dimen162
\cmidrulewidth=\dimen163
\belowrulesep=\dimen164
\belowbottomsep=\dimen165
\aboverulesep=\dimen166
\abovetopsep=\dimen167
\cmidrulesep=\dimen168
\cmidrulekern=\dimen169
\defaultaddspace=\dimen170
\@cmidla=\count297
\@cmidlb=\count298
\@aboverulesep=\dimen171
\@belowrulesep=\dimen172
\@thisruleclass=\count299
\@lastruleclass=\count300
\@thisrulewidth=\dimen173
)
(/usr/local/texlive/2026/texmf-dist/tex/latex/geometry/geometry.sty
Package: geometry 2020/01/02 v5.9 Page Geometry

(/usr/local/texlive/2026/texmf-dist/tex/generic/iftex/ifvtex.sty
Package: ifvtex 2019/10/25 v1.7 ifvtex legacy package. Use iftex instead.

(/usr/local/texlive/2026/texmf-dist/tex/generic/iftex/iftex.sty
Package: iftex 2024/12/12 v1.0g TeX engine tests
))
\Gm@cnth=\count301
\Gm@cntv=\count302
\c@Gm@tempcnt=\count303
\Gm@bindingoffset=\dimen174
\Gm@wd@mp=\dimen175
\Gm@odd@mp=\dimen176
\Gm@even@mp=\dimen177
\Gm@layoutwidth=\dimen178
\Gm@layoutheight=\dimen179
\Gm@layouthoffset=\dimen180
\Gm@layoutvoffset=\dimen181
\Gm@dimlist=\toks25
)
(/usr/local/texlive/2026/texmf-dist/tex/latex/l3backend/l3backend-pdftex.def
File: l3backend-pdftex.def 2025-10-09 L3 backend support: PDF output (pdfTeX)
\l__color_backend_stack_int=\count304
)
(./main.aux)
\openout1 = `main.aux'.

LaTeX Font Info:    Checking defaults for OML/cmm/m/it on input line 10.
LaTeX Font Info:    ... okay on input line 10.
LaTeX Font Info:    Checking defaults for OMS/cmsy/m/n on input line 10.
LaTeX Font Info:    ... okay on input line 10.
LaTeX Font Info:    Checking defaults for OT1/cmr/m/n on input line 10.
LaTeX Font Info:    ... okay on input line 10.
LaTeX Font Info:    Checking defaults for T1/cmr/m/n on input line 10.
LaTeX Font Info:    ... okay on input line 10.
LaTeX Font Info:    Checking defaults for TS1/cmr/m/n on input line 10.
LaTeX Font Info:    ... okay on input line 10.
LaTeX Font Info:    Checking defaults for OMX/cmex/m/n on input line 10.
LaTeX Font Info:    ... okay on input line 10.
LaTeX Font Info:    Checking defaults for U/cmr/m/n on input line 10.
LaTeX Font Info:    ... okay on input line 10.

(/usr/local/texlive/2026/texmf-dist/tex/context/base/mkii/supp-pdf.mkii
[Loading MPS to PDF converter (version 2006.09.02).]
\scratchcounter=\count305
\scratchdimen=\dimen182
\scratchbox=\box55
\nofMPsegments=\count306
\nofMParguments=\count307
\everyMPshowfont=\toks26
\MPscratchCnt=\count308
\MPscratchDim=\dimen183
\MPnumerator=\count309
\makeMPintoPDFobject=\count310
\everyMPtoPDFconversion=\toks27
) (/usr/local/texlive/2026/texmf-dist/tex/latex/epstopdf-pkg/epstopdf-base.sty
Package: epstopdf-base 2020-01-24 v2.11 Base part for package epstopdf
Package epstopdf-base Info: Redefining graphics rule for `.eps' on input line 4
85.

(/usr/local/texlive/2026/texmf-dist/tex/latex/latexconfig/epstopdf-sys.cfg
File: epstopdf-sys.cfg 2010/07/13 v1.3 Configuration of (r)epstopdf for TeX Liv
e
))
*geometry* driver: auto-detecting
*geometry* detected driver: pdftex
*geometry* verbose mode - [ preamble ] result:
* driver: pdftex
* paper: a4paper
* layout: <same size as paper>
* layoutoffset:(h,v)=(0.0pt,0.0pt)
* modes: 
* h-part:(L,W,R)=(50.58878pt, 496.33032pt, 50.58878pt)
* v-part:(T,H,B)=(50.58878pt, 743.8693pt, 50.58878pt)
* \paperwidth=597.50787pt
* \paperheight=845.04684pt
* \textwidth=496.33032pt
* \textheight=743.8693pt
* \oddsidemargin=-21.68121pt
* \evensidemargin=-21.68121pt
* \topmargin=-58.68121pt
* \headheight=12.0pt
* \headsep=25.0pt
* \topskip=11.0pt
* \footskip=30.0pt
* \marginparwidth=50.0pt
* \marginparsep=10.0pt
* \columnsep=10.0pt
* \skip\footins=10.0pt plus 4.0pt minus 2.0pt
* \hoffset=0.0pt
* \voffset=0.0pt
* \mag=1000
* \@twocolumnfalse
* \@twosidefalse
* \@mparswitchfalse
* \@reversemarginfalse
* (1in=72.27pt=25.4mm, 1cm=28.453pt)

(./linda.tex
LaTeX Font Info:    Trying to load font information for U+msa on input line 4.
 (/usr/local/texlive/2026/texmf-dist/tex/latex/amsfonts/umsa.fd
File: umsa.fd 2013/01/14 v3.01 AMS symbols A
)
LaTeX Font Info:    Trying to load font information for U+msb on input line 4.

(/usr/local/texlive/2026/texmf-dist/tex/latex/amsfonts/umsb.fd
File: umsb.fd 2013/01/14 v3.01 AMS symbols B
)
LaTeX Font Info:    Trying to load font information for OMS+cmtt on input line 
7.
LaTeX Font Info:    No file OMScmtt.fd. on input line 7.


LaTeX Font Warning: Font shape `OMS/cmtt/m/n' undefined
(Font)              using `OMS/cmsy/m/n' instead
(Font)              for symbol `textbraceleft' on input line 7.


Overfull \hbox (1.41321pt too wide) in paragraph at lines 26--41
 [][] 
 []

[1

{/usr/local/texlive/2026/texmf-var/fonts/map/pdftex/updmap/pdftex.map}{/usr/loc
al/texlive/2026/texmf-dist/fonts/enc/dvips/cm-super/cm-super-ts1.enc}]
<../experiments_raw_results/linda-problem/figures/linda_accuracy_by_condition.p
ng, id=16, 643.203pt x 317.988pt>
File: ../experiments_raw_results/linda-problem/figures/linda_accuracy_by_condit
ion.png Graphic file (type png)
<use ../experiments_raw_results/linda-problem/figures/linda_accuracy_by_conditi
on.png>
Package pdftex.def Info: ../experiments_raw_results/linda-problem/figures/linda
_accuracy_by_condition.png  used on input line 99.
(pdftex.def)             Requested size: 238.23642pt x 117.77986pt.
<../experiments_raw_results/linda-problem/figures/linda_confidence_violin.png, 
id=18, 715.473pt x 404.9529pt>
File: ../experiments_raw_results/linda-problem/figures/linda_confidence_violin.
png Graphic file (type png)
<use ../experiments_raw_results/linda-problem/figures/linda_confidence_violin.p
ng>
Package pdftex.def Info: ../experiments_raw_results/linda-problem/figures/linda
_confidence_violin.png  used on input line 100.
(pdftex.def)             Requested size: 238.23642pt x 134.83978pt.
<../experiments_raw_results/linda-problem/figures/linda_effect_sizes_forest.png
, id=19, 643.203pt x 317.988pt>
File: ../experiments_raw_results/linda-problem/figures/linda_effect_sizes_fores
t.png Graphic file (type png)
<use ../experiments_raw_results/linda-problem/figures/linda_effect_sizes_forest
.png>
Package pdftex.def Info: ../experiments_raw_results/linda-problem/figures/linda
_effect_sizes_forest.png  used on input line 106.
(pdftex.def)             Requested size: 238.23642pt x 117.77986pt.
<../experiments_raw_results/linda-problem/figures/linda_delta_bias_bar.png, id=
20, 570.933pt x 296.307pt>
File: ../experiments_raw_results/linda-problem/figures/linda_delta_bias_bar.png
 Graphic file (type png)
<use ../experiments_raw_results/linda-problem/figures/linda_delta_bias_bar.png>

Package pdftex.def Info: ../experiments_raw_results/linda-problem/figures/linda
_delta_bias_bar.png  used on input line 107.
(pdftex.def)             Requested size: 238.23642pt x 123.6433pt.


LaTeX Warning: `!h' float specifier changed to `!ht'.

) [2 <../experiments_raw_results/linda-problem/figures/linda_accuracy_by_condit
ion.png> <../experiments_raw_results/linda-problem/figures/linda_confidence_vio
lin.png>] (./wason.tex

LaTeX Warning: `!h' float specifier changed to `!ht'.


LaTeX Warning: `!h' float specifier changed to `!ht'.

[3 <../experiments_raw_results/linda-problem/figures/linda_effect_sizes_forest.
png> <../experiments_raw_results/linda-problem/figures/linda_delta_bias_bar.png
>] [4]
<../experiments_raw_results/wason-selection/figures/wason_ema_conditions.png, i
d=35, 1002.3849pt x 424.2249pt>
File: ../experiments_raw_results/wason-selection/figures/wason_ema_conditions.p
ng Graphic file (type png)
<use ../experiments_raw_results/wason-selection/figures/wason_ema_conditions.pn
g>
Package pdftex.def Info: ../experiments_raw_results/wason-selection/figures/was
on_ema_conditions.png  used on input line 111.
(pdftex.def)             Requested size: 297.80121pt x 126.03207pt.
<../experiments_raw_results/wason-selection/figures/wason_ema_heatmap.png, id=3
6, 712.3413pt x 388.0899pt>
File: ../experiments_raw_results/wason-selection/figures/wason_ema_heatmap.png 
Graphic file (type png)
<use ../experiments_raw_results/wason-selection/figures/wason_ema_heatmap.png>
Package pdftex.def Info: ../experiments_raw_results/wason-selection/figures/was
on_ema_heatmap.png  used on input line 117.
(pdftex.def)             Requested size: 238.23642pt x 129.79329pt.
<../experiments_raw_results/wason-selection/figures/wason_context_effects.png, 
id=37, 857.604pt x 351.9549pt>
File: ../experiments_raw_results/wason-selection/figures/wason_context_effects.
png Graphic file (type png)
<use ../experiments_raw_results/wason-selection/figures/wason_context_effects.p
ng>
Package pdftex.def Info: ../experiments_raw_results/wason-selection/figures/was
on_context_effects.png  used on input line 118.
(pdftex.def)             Requested size: 238.23642pt x 97.76799pt.
) [5 <../experiments_raw_results/wason-selection/figures/wason_ema_conditions.p
ng> <../experiments_raw_results/wason-selection/figures/wason_ema_heatmap.png> 
<../experiments_raw_results/wason-selection/figures/wason_context_effects.png>]
 (./wason246.tex
Overfull \hbox (5.87195pt too wide) in paragraph at lines 27--28
[]\OT1/cmr/bx/n/10.95 Hypothesis Change Rate (HCR): \OT1/cmr/m/n/10.95 Sta-bil-
ity of hy-poth-e-sis re-vi-sion across turns ($\OML/cmm/m/it/10.95 IOU\OT1/cmr/
m/n/10.95 (\OML/cmm/m/it/10.95 H[]; H[]\OT1/cmr/m/n/10.95 ) \OML/cmm/m/it/10.95
 <
 []


Overfull \hbox (16.49414pt too wide) in paragraph at lines 37--51
 [][] 
 []

[6]
<../experiments_raw_results/wason-2-4-6/figures/wason246_ctr_bars.png, id=47, 6
05.8635pt x 354.3639pt>
File: ../experiments_raw_results/wason-2-4-6/figures/wason246_ctr_bars.png Grap
hic file (type png)
<use ../experiments_raw_results/wason-2-4-6/figures/wason246_ctr_bars.png>
Package pdftex.def Info: ../experiments_raw_results/wason-2-4-6/figures/wason24
6_ctr_bars.png  used on input line 67.
(pdftex.def)             Requested size: 297.80121pt x 174.18594pt.
<../experiments_raw_results/wason-2-4-6/figures/wason246_iou_trajectories.png, 
id=48, 556.2381pt x 333.8874pt>
File: ../experiments_raw_results/wason-2-4-6/figures/wason246_iou_trajectories.
png Graphic file (type png)
<use ../experiments_raw_results/wason-2-4-6/figures/wason246_iou_trajectories.p
ng>
Package pdftex.def Info: ../experiments_raw_results/wason-2-4-6/figures/wason24
6_iou_trajectories.png  used on input line 73.
(pdftex.def)             Requested size: 238.23642pt x 143.00327pt.
<../experiments_raw_results/wason-2-4-6/figures/wason246_reasoning_iou_trajecto
ries.png, id=49, 556.2381pt x 348.5823pt>
File: ../experiments_raw_results/wason-2-4-6/figures/wason246_reasoning_iou_tra
jectories.png Graphic file (type png)
<use ../experiments_raw_results/wason-2-4-6/figures/wason246_reasoning_iou_traj
ectories.png>
Package pdftex.def Info: ../experiments_raw_results/wason-2-4-6/figures/wason24
6_reasoning_iou_trajectories.png  used on input line 74.
(pdftex.def)             Requested size: 238.23642pt x 149.29706pt.
<../experiments_raw_results/wason-2-4-6/figures/wason246_category_heatmap.png, 
id=50, 560.5743pt x 308.5929pt>
File: ../experiments_raw_results/wason-2-4-6/figures/wason246_category_heatmap.
png Graphic file (type png)
<use ../experiments_raw_results/wason-2-4-6/figures/wason246_category_heatmap.p
ng>
Package pdftex.def Info: ../experiments_raw_results/wason-2-4-6/figures/wason24
6_category_heatmap.png  used on input line 80.
(pdftex.def)             Requested size: 238.23642pt x 131.14789pt.
<../experiments_raw_results/wason-2-4-6/figures/wason246_turns_to_success.png, 
id=51, 437.7153pt x 278.2395pt>
File: ../experiments_raw_results/wason-2-4-6/figures/wason246_turns_to_success.
png Graphic file (type png)
<use ../experiments_raw_results/wason-2-4-6/figures/wason246_turns_to_success.p
ng>
Package pdftex.def Info: ../experiments_raw_results/wason-2-4-6/figures/wason24
6_turns_to_success.png  used on input line 81.
(pdftex.def)             Requested size: 238.23642pt x 151.4401pt.


LaTeX Warning: `!h' float specifier changed to `!ht'.

) [7 <../experiments_raw_results/wason-2-4-6/figures/wason246_ctr_bars.png> <..
/experiments_raw_results/wason-2-4-6/figures/wason246_iou_trajectories.png> <..
/experiments_raw_results/wason-2-4-6/figures/wason246_reasoning_iou_trajectorie
s.png>] [8 <../experiments_raw_results/wason-2-4-6/figures/wason246_category_he
atmap.png> <../experiments_raw_results/wason-2-4-6/figures/wason246_turns_to_su
ccess.png>] (./main.aux)
 ***********
LaTeX2e <2025-11-01>
L3 programming layer <2026-01-19>
 ***********


LaTeX Font Warning: Some font shapes were not available, defaults substituted.

 ) 
Here is how much of TeX's memory you used:
 4419 strings out of 467525
 74481 string characters out of 5418983
 499858 words of memory out of 5000000
 33287 multiletter control sequences out of 15000+600000
 634742 words of font info for 66 fonts, out of 8000000 for 9000
 1141 hyphenation exceptions out of 8191
 57i,10n,65p,473b,262s stack positions out of 10000i,1000n,20000p,200000b,200000s
</usr/local/texlive/2026/texmf-dist/fonts/type1/public/amsfonts/cm/cmbx10.pfb
></usr/local/texlive/2026/texmf-dist/fonts/type1/public/amsfonts/cm/cmbx12.pfb>
</usr/local/texlive/2026/texmf-dist/fonts/type1/public/amsfonts/cm/cmmi10.pfb><
/usr/local/texlive/2026/texmf-dist/fonts/type1/public/amsfonts/cm/cmmi8.pfb></u
sr/local/texlive/2026/texmf-dist/fonts/type1/public/amsfonts/cm/cmr10.pfb></usr
/local/texlive/2026/texmf-dist/fonts/type1/public/amsfonts/cm/cmr8.pfb></usr/lo
cal/texlive/2026/texmf-dist/fonts/type1/public/amsfonts/cm/cmsy10.pfb></usr/loc
al/texlive/2026/texmf-dist/fonts/type1/public/amsfonts/cm/cmsy8.pfb></usr/local
/texlive/2026/texmf-dist/fonts/type1/public/amsfonts/cm/cmti10.pfb></usr/local/
texlive/2026/texmf-dist/fonts/type1/public/amsfonts/cm/cmtt10.pfb></usr/local/t
exlive/2026/texmf-dist/fonts/type1/public/cm-super/sfrm1095.pfb>
Output written on main.pdf (8 pages, 2159444 bytes).
PDF statistics:
 112 PDF objects out of 1000 (max. 8388607)
 55 compressed objects within 1 object stream
 0 named destinations out of 1000 (max. 500000)
 61 words of extra memory for PDF output out of 10000 (max. 10000000)

