This is XeTeX, Version 3.141592653-2.6-0.999998 (TeX Live 2026) (preloaded format=xelatex 2026.3.1)  3 MAY 2026 14:14
entering extended mode
 restricted \write18 enabled.
 %&-line parsing enabled.
**appA.tex
(./appA.tex
LaTeX2e <2025-11-01>
L3 programming layer <2026-01-19>
! Undefined control sequence.
l.4 \chapter
            {ПРИМЕРЫ СТИМУЛЬНОГО МАТЕРИАЛА}
The control sequence at the end of the top line
of your error message was never \def'ed. If you have
misspelled it (e.g., `\hobx'), type `I' and the correct
spelling (e.g., `I\hbox'). Otherwise just continue,
and I'll forget about whatever was undefined.

 
Here is how much of TeX's memory you used:
 13 strings out of 468168
 246 string characters out of 5432816
 426408 words of memory out of 5000000
 28838 multiletter control sequences out of 15000+600000
 627721 words of font info for 40 fonts, out of 8000000 for 9000
 1348 hyphenation exceptions out of 8191
 11i,0n,13p,86b,8s stack positions out of 10000i,1000n,20000p,200000b,200000s
No pages of output.
