This is XeTeX, Version 3.141592653-2.6-0.999998 (TeX Live 2026) (preloaded format=xelatex 2026.3.1)  3 MAY 2026 14:28
entering extended mode
 restricted \write18 enabled.
 %&-line parsing enabled.
**appB_standalone.tex
(./appB_standalone.tex
LaTeX2e <2025-11-01>
L3 programming layer <2026-01-19>
(/usr/local/texlive/2026/texmf-dist/tex/latex/base/book.cls
Document Class: book 2025/01/22 v1.4n Standard LaTeX document class
(/usr/local/texlive/2026/texmf-dist/tex/latex/base/bk10.clo
File: bk10.clo 2025/01/22 v1.4n Standard LaTeX file (size option)
)
\c@part=\count271
\c@chapter=\count272
\c@section=\count273
\c@subsection=\count274
\c@subsubsection=\count275
\c@paragraph=\count276
\c@subparagraph=\count277
\c@figure=\count278
\c@table=\count279
\abovecaptionskip=\skip49
\belowcaptionskip=\skip50
\bibindent=\dimen148
) (./preamble.tex
(/usr/local/texlive/2026/texmf-dist/tex/latex/fontspec/fontspec.sty
(/usr/local/texlive/2026/texmf-dist/tex/latex/l3packages/xparse/xparse.sty
(/usr/local/texlive/2026/texmf-dist/tex/latex/l3kernel/expl3.sty
Package: expl3 2026-01-19 L3 programming layer (loader) 

(/usr/local/texlive/2026/texmf-dist/tex/latex/l3backend/l3backend-xetex.def
File: l3backend-xetex.def 2025-10-09 L3 backend support: XeTeX
\g__graphics_track_int=\count280
\g__pdfannot_backend_int=\count281
\g__pdfannot_backend_link_int=\count282
))
Package: xparse 2025-10-09 L3 Experimental document command parser
)
Package: fontspec 2025/09/29 v2.9g Font selection for XeLaTeX and LuaLaTeX

(/usr/local/texlive/2026/texmf-dist/tex/latex/fontspec/fontspec-xetex.sty
Package: fontspec-xetex 2025/09/29 v2.9g Font selection for XeLaTeX and LuaLaTe
X
\l__fontspec_script_int=\count283
\l__fontspec_language_int=\count284
\l__fontspec_strnum_int=\count285
\l__fontspec_tmp_int=\count286
\l__fontspec_tmpa_int=\count287
\l__fontspec_tmpb_int=\count288
\l__fontspec_tmpc_int=\count289
\l__fontspec_em_int=\count290
\l__fontspec_emdef_int=\count291
\l__fontspec_strong_int=\count292
\l__fontspec_strongdef_int=\count293
\l__fontspec_tmpa_dim=\dimen149
\l__fontspec_tmpb_dim=\dimen150
\l__fontspec_tmpc_dim=\dimen151

(/usr/local/texlive/2026/texmf-dist/tex/latex/base/fontenc.sty
Package: fontenc 2025/07/18 v2.1d Standard LaTeX package
)
(/usr/local/texlive/2026/texmf-dist/tex/latex/fontspec/fontspec.cfg)))

Package fontspec Info: 
(fontspec)             Font family 'TimesNewRoman(0)' created for font 'Times
(fontspec)             New Roman' with options [Ligatures=TeX].
(fontspec)              
(fontspec)              This font family consists of the following NFSS
(fontspec)             series/shapes:
(fontspec)              
(fontspec)             - 'normal' (m/n) with NFSS spec.: <->"Times New
(fontspec)             Roman/OT:script=latn;language=dflt;mapping=tex-text;"
(fontspec)             - 'bold' (b/n) with NFSS spec.: <->"Times New
(fontspec)             Roman/B/OT:script=latn;language=dflt;mapping=tex-text;"
(fontspec)             - 'italic' (m/it) with NFSS spec.: <->"Times New
(fontspec)             Roman/I/OT:script=latn;language=dflt;mapping=tex-text;"
(fontspec)             - 'bold italic' (b/it) with NFSS spec.: <->"Times New
(fontspec)             Roman/BI/OT:script=latn;language=dflt;mapping=tex-text;"



(/usr/local/texlive/2026/texmf-dist/tex/latex/geometry/geometry.sty
Package: geometry 2020/01/02 v5.9 Page Geometry

(/usr/local/texlive/2026/texmf-dist/tex/latex/graphics/keyval.sty
Package: keyval 2022/05/29 v1.15 key=value parser (DPC)
\KV@toks@=\toks17
)
(/usr/local/texlive/2026/texmf-dist/tex/generic/iftex/ifvtex.sty
Package: ifvtex 2019/10/25 v1.7 ifvtex legacy package. Use iftex instead.

(/usr/local/texlive/2026/texmf-dist/tex/generic/iftex/iftex.sty
Package: iftex 2024/12/12 v1.0g TeX engine tests
))
\Gm@cnth=\count294
\Gm@cntv=\count295
\c@Gm@tempcnt=\count296
\Gm@bindingoffset=\dimen152
\Gm@wd@mp=\dimen153
\Gm@odd@mp=\dimen154
\Gm@even@mp=\dimen155
\Gm@layoutwidth=\dimen156
\Gm@layoutheight=\dimen157
\Gm@layouthoffset=\dimen158
\Gm@layoutvoffset=\dimen159
\Gm@dimlist=\toks18
)
(/usr/local/texlive/2026/texmf-dist/tex/latex/setspace/setspace.sty
Package: setspace 2022/12/04 v6.7b set line spacing
)
(/usr/local/texlive/2026/texmf-dist/tex/latex/fancyhdr/fancyhdr.sty
Package: fancyhdr 2025/02/07 v5.2 Extensive control of page headers and footers

\f@nch@headwidth=\skip51
\f@nch@offset@elh=\skip52
\f@nch@offset@erh=\skip53
\f@nch@offset@olh=\skip54
\f@nch@offset@orh=\skip55
\f@nch@offset@elf=\skip56
\f@nch@offset@erf=\skip57
\f@nch@offset@olf=\skip58
\f@nch@offset@orf=\skip59
\f@nch@height=\skip60
\f@nch@footalignment=\skip61
\f@nch@widthL=\skip62
\f@nch@widthC=\skip63
\f@nch@widthR=\skip64
\@temptokenb=\toks19
)
(/usr/local/texlive/2026/texmf-dist/tex/latex/titlesec/titlesec.sty
Package: titlesec 2025/01/04 v2.17 Sectioning titles
\ttl@box=\box53
\beforetitleunit=\skip65
\aftertitleunit=\skip66
\ttl@plus=\dimen160
\ttl@minus=\dimen161
\ttl@toksa=\toks20
\titlewidth=\dimen162
\titlewidthlast=\dimen163
\titlewidthfirst=\dimen164
)
(/usr/local/texlive/2026/texmf-dist/tex/latex/tocloft/tocloft.sty
Package: tocloft 2017/08/31 v2.3i parameterised ToC, etc., typesetting
Package tocloft Info: The document has chapter divisions on input line 51.
\cftparskip=\skip67
\cftbeforetoctitleskip=\skip68
\cftaftertoctitleskip=\skip69
\cftbeforepartskip=\skip70
\cftpartnumwidth=\skip71
\cftpartindent=\skip72
\cftbeforechapskip=\skip73
\cftchapindent=\skip74
\cftchapnumwidth=\skip75
\cftbeforesecskip=\skip76
\cftsecindent=\skip77
\cftsecnumwidth=\skip78
\cftbeforesubsecskip=\skip79
\cftsubsecindent=\skip80
\cftsubsecnumwidth=\skip81
\cftbeforesubsubsecskip=\skip82
\cftsubsubsecindent=\skip83
\cftsubsubsecnumwidth=\skip84
\cftbeforeparaskip=\skip85
\cftparaindent=\skip86
\cftparanumwidth=\skip87
\cftbeforesubparaskip=\skip88
\cftsubparaindent=\skip89
\cftsubparanumwidth=\skip90
\cftbeforeloftitleskip=\skip91
\cftafterloftitleskip=\skip92
\cftbeforefigskip=\skip93
\cftfigindent=\skip94
\cftfignumwidth=\skip95
\c@lofdepth=\count297
\c@lotdepth=\count298
\cftbeforelottitleskip=\skip96
\cftafterlottitleskip=\skip97
\cftbeforetabskip=\skip98
\cfttabindent=\skip99
\cfttabnumwidth=\skip100
)
(./config-lists.tex
(/usr/local/texlive/2026/texmf-dist/tex/latex/enumitem/enumitem.sty
Package: enumitem 2025/02/06 v3.11 Customized lists
\labelindent=\skip101
\enit@outerparindent=\dimen165
\enit@toks=\toks21
\enit@inbox=\box54
\enit@count@id=\count299
\enitdp@description=\count300
))
(./config-formulas.tex
(/usr/local/texlive/2026/texmf-dist/tex/latex/amscls/amsthm.sty
Package: amsthm 2020/05/29 v2.20.6
\thm@style=\toks22
\thm@bodyfont=\toks23
\thm@headfont=\toks24
\thm@notefont=\toks25
\thm@headpunct=\toks26
\thm@preskip=\skip102
\thm@postskip=\skip103
\thm@headsep=\skip104
\dth@everypar=\toks27
)
(/usr/local/texlive/2026/texmf-dist/tex/latex/amsmath/amsmath.sty
Package: amsmath 2025/07/09 v2.17z AMS math features
\@mathmargin=\skip105

For additional information on amsmath, use the `?' option.
(/usr/local/texlive/2026/texmf-dist/tex/latex/amsmath/amstext.sty
Package: amstext 2024/11/17 v2.01 AMS text

(/usr/local/texlive/2026/texmf-dist/tex/latex/amsmath/amsgen.sty
File: amsgen.sty 1999/11/30 v2.0 generic functions
\@emptytoks=\toks28
\ex@=\dimen166
))
(/usr/local/texlive/2026/texmf-dist/tex/latex/amsmath/amsbsy.sty
Package: amsbsy 1999/11/29 v1.2d Bold Symbols
\pmbraise@=\dimen167
)
(/usr/local/texlive/2026/texmf-dist/tex/latex/amsmath/amsopn.sty
Package: amsopn 2022/04/08 v2.04 operator names
)
\inf@bad=\count301
LaTeX Info: Redefining \frac on input line 233.
\uproot@=\count302
\leftroot@=\count303
LaTeX Info: Redefining \overline on input line 398.
LaTeX Info: Redefining \colon on input line 409.
\classnum@=\count304
\DOTSCASE@=\count305
LaTeX Info: Redefining \ldots on input line 495.
LaTeX Info: Redefining \dots on input line 498.
LaTeX Info: Redefining \cdots on input line 619.
\Mathstrutbox@=\box55
\strutbox@=\box56
LaTeX Info: Redefining \big on input line 721.
LaTeX Info: Redefining \Big on input line 722.
LaTeX Info: Redefining \bigg on input line 723.
LaTeX Info: Redefining \Bigg on input line 724.
\big@size=\dimen168
LaTeX Font Info:    Redeclaring font encoding OML on input line 742.
LaTeX Font Info:    Redeclaring font encoding OMS on input line 743.
\macc@depth=\count306
LaTeX Info: Redefining \bmod on input line 904.
LaTeX Info: Redefining \pmod on input line 909.
LaTeX Info: Redefining \smash on input line 939.
LaTeX Info: Redefining \relbar on input line 969.
LaTeX Info: Redefining \Relbar on input line 970.
\c@MaxMatrixCols=\count307
\dotsspace@=\muskip17
\c@parentequation=\count308
\dspbrk@lvl=\count309
\tag@help=\toks29
\row@=\count310
\column@=\count311
\maxfields@=\count312
\andhelp@=\toks30
\eqnshift@=\dimen169
\alignsep@=\dimen170
\tagshift@=\dimen171
\tagwidth@=\dimen172
\totwidth@=\dimen173
\lineht@=\dimen174
\@envbody=\toks31
\multlinegap=\skip106
\multlinetaggap=\skip107
\mathdisplay@stack=\toks32
LaTeX Info: Redefining \[ on input line 2950.
LaTeX Info: Redefining \] on input line 2951.
)
\c@theorem=\count313
)
(./config-tables.tex
(/usr/local/texlive/2026/texmf-dist/tex/latex/booktabs/booktabs.sty
Package: booktabs 2020/01/12 v1.61803398 Publication quality tables
\heavyrulewidth=\dimen175
\lightrulewidth=\dimen176
\cmidrulewidth=\dimen177
\belowrulesep=\dimen178
\belowbottomsep=\dimen179
\aboverulesep=\dimen180
\abovetopsep=\dimen181
\cmidrulesep=\dimen182
\cmidrulekern=\dimen183
\defaultaddspace=\dimen184
\@cmidla=\count314
\@cmidlb=\count315
\@aboverulesep=\dimen185
\@belowrulesep=\dimen186
\@thisruleclass=\count316
\@lastruleclass=\count317
\@thisrulewidth=\dimen187
)
(/usr/local/texlive/2026/texmf-dist/tex/latex/multirow/multirow.sty
Package: multirow 2024/11/12 v2.9 Span multiple rows of a table
\multirow@colwidth=\skip108
\multirow@cntb=\count318
\multirow@dima=\skip109
\bigstrutjot=\dimen188
)
(/usr/local/texlive/2026/texmf-dist/tex/latex/caption/caption.sty
Package: caption 2023/08/05 v3.6o Customizing captions (AR)

(/usr/local/texlive/2026/texmf-dist/tex/latex/caption/caption3.sty
Package: caption3 2023/07/31 v2.4d caption3 kernel (AR)
\caption@tempdima=\dimen189
\captionmargin=\dimen190
\caption@leftmargin=\dimen191
\caption@rightmargin=\dimen192
\caption@width=\dimen193
\caption@indent=\dimen194
\caption@parindent=\dimen195
\caption@hangindent=\dimen196
Package caption Info: Standard document class detected.
)
\c@caption@flags=\count319
\c@continuedfloat=\count320
)
(/usr/local/texlive/2026/texmf-dist/tex/latex/tools/longtable.sty
Package: longtable 2025-10-13 v4.24 Multi-page Table package (DPC)
\LTleft=\skip110
\LTright=\skip111
\LTpre=\skip112
\LTpost=\skip113
\LTchunksize=\count321
\LTcapwidth=\dimen197
\LT@head=\box57
\LT@firsthead=\box58
\LT@foot=\box59
\LT@lastfoot=\box60
\LT@gbox=\box61
\LT@cols=\count322
\LT@rows=\count323
\c@LT@tables=\count324
\c@LT@chunks=\count325
\LT@p@ftn=\toks33
)
(/usr/local/texlive/2026/texmf-dist/tex/latex/etoolbox/etoolbox.sty
Package: etoolbox 2025/10/02 v2.5m e-TeX tools for LaTeX (JAW)
\etb@tempcnta=\count326
))
(./config-images.tex
(/usr/local/texlive/2026/texmf-dist/tex/latex/graphics/graphicx.sty
Package: graphicx 2024/12/31 v1.2e Enhanced LaTeX Graphics (DPC,SPQR)

(/usr/local/texlive/2026/texmf-dist/tex/latex/graphics/graphics.sty
Package: graphics 2024/08/06 v1.4g Standard LaTeX Graphics (DPC,SPQR)

(/usr/local/texlive/2026/texmf-dist/tex/latex/graphics/trig.sty
Package: trig 2023/12/02 v1.11 sin cos tan (DPC)
)
(/usr/local/texlive/2026/texmf-dist/tex/latex/graphics-cfg/graphics.cfg
File: graphics.cfg 2016/06/04 v1.11 sample graphics configuration
)
Package graphics Info: Driver file: xetex.def on input line 106.

(/usr/local/texlive/2026/texmf-dist/tex/latex/graphics-def/xetex.def
File: xetex.def 2025/11/01 v5.0p Graphics/color driver for xetex
))
\Gin@req@height=\dimen198
\Gin@req@width=\dimen199
))
(/usr/local/texlive/2026/texmf-dist/tex/latex/biblatex/biblatex.sty
Package: biblatex 2025/07/10 v3.21 programmable bibliographies (PK/MW)

(/usr/local/texlive/2026/texmf-dist/tex/generic/pdftexcmds/pdftexcmds.sty
Package: pdftexcmds 2020-06-27 v0.33 Utility functions of pdfTeX for LuaTeX (HO
)

(/usr/local/texlive/2026/texmf-dist/tex/generic/infwarerr/infwarerr.sty
Package: infwarerr 2019/12/03 v1.5 Providing info/warning/error messages (HO)
)
(/usr/local/texlive/2026/texmf-dist/tex/generic/ltxcmds/ltxcmds.sty
Package: ltxcmds 2023-12-04 v1.26 LaTeX kernel commands for general use (HO)
)
Package pdftexcmds Info: \pdf@primitive is available.
Package pdftexcmds Info: \pdf@ifprimitive is available.
Package pdftexcmds Info: \pdfdraftmode not found.
)
(/usr/local/texlive/2026/texmf-dist/tex/latex/kvoptions/kvoptions.sty
Package: kvoptions 2022-06-15 v3.15 Key value format for package options (HO)

(/usr/local/texlive/2026/texmf-dist/tex/latex/kvsetkeys/kvsetkeys.sty
Package: kvsetkeys 2022-10-05 v1.19 Key value parser (HO)
))
(/usr/local/texlive/2026/texmf-dist/tex/latex/logreq/logreq.sty
Package: logreq 2010/08/04 v1.0 xml request logger
\lrq@indent=\count327

(/usr/local/texlive/2026/texmf-dist/tex/latex/logreq/logreq.def
File: logreq.def 2010/08/04 v1.0 logreq spec v1.0
))
(/usr/local/texlive/2026/texmf-dist/tex/latex/base/ifthen.sty
Package: ifthen 2024/03/16 v1.1e Standard LaTeX ifthen package (DPC)
)
(/usr/local/texlive/2026/texmf-dist/tex/latex/url/url.sty
\Urlmuskip=\muskip18
Package: url 2013/09/16  ver 3.4  Verb mode for urls, etc.
)
\c@tabx@nest=\count328
\c@listtotal=\count329
\c@listcount=\count330
\c@liststart=\count331
\c@liststop=\count332
\c@citecount=\count333
\c@citetotal=\count334
\c@multicitecount=\count335
\c@multicitetotal=\count336
\c@instcount=\count337
\c@maxnames=\count338
\c@minnames=\count339
\c@maxitems=\count340
\c@minitems=\count341
\c@citecounter=\count342
\c@maxcitecounter=\count343
\c@savedcitecounter=\count344
\c@uniquelist=\count345
\c@uniquename=\count346
\c@refsection=\count347
\c@refsegment=\count348
\c@maxextratitle=\count349
\c@maxextratitleyear=\count350
\c@maxextraname=\count351
\c@maxextradate=\count352
\c@maxextraalpha=\count353
\c@abbrvpenalty=\count354
\c@highnamepenalty=\count355
\c@lownamepenalty=\count356
\c@maxparens=\count357
\c@parenlevel=\count358
\blx@tempcnta=\count359
\blx@tempcntb=\count360
\blx@tempcntc=\count361
\c@blx@maxsection=\count362
\blx@maxsegment@0=\count363
\blx@notetype=\count364
\blx@parenlevel@text=\count365
\blx@parenlevel@foot=\count366
\blx@sectionciteorder@0=\count367
\blx@sectionciteorderinternal@0=\count368
\blx@entrysetcounter=\count369
\blx@biblioinstance=\count370
\labelnumberwidth=\skip114
\labelalphawidth=\skip115
\biblabelsep=\skip116
\bibitemsep=\skip117
\bibnamesep=\skip118
\bibinitsep=\skip119
\bibparsep=\skip120
\bibhang=\skip121
\blx@bcfin=\read2
\blx@bcfout=\write3
\blx@langwohyphens=\language91
\c@mincomprange=\count371
\c@maxcomprange=\count372
\c@mincompwidth=\count373
Package biblatex Info: Trying to load biblatex default data model...
Package biblatex Info: ... file 'blx-dm.def' found.

(/usr/local/texlive/2026/texmf-dist/tex/latex/biblatex/blx-dm.def
File: blx-dm.def 2025/07/10 v3.21 biblatex datamodel (PK/MW)
)
Package biblatex Info: Trying to load biblatex style data model...
Package biblatex Info: ... file 'gost-numeric.dbx' found.

(/usr/local/texlive/2026/texmf-dist/tex/latex/biblatex-gost/gost-numeric.dbx
File: gost-numeric.dbx 2023/04/25 v1.24 biblatex-gost data model
Package biblatex Info: Trying to load biblatex-gost data model...
Package biblatex Info: ... file 'biblatex-gost.dbx' found.

(/usr/local/texlive/2026/texmf-dist/tex/latex/biblatex-gost/biblatex-gost.dbx
File: biblatex-gost.dbx 2023/04/25 v1.24 biblatex-gost data model
))
Package biblatex Info: Trying to load biblatex custom data model...
Package biblatex Info: ... file 'biblatex-dm.cfg' not found.
\c@afterword=\count374
\c@savedafterword=\count375
\c@annotator=\count376
\c@savedannotator=\count377
\c@author=\count378
\c@savedauthor=\count379
\c@bookauthor=\count380
\c@savedbookauthor=\count381
\c@commentator=\count382
\c@savedcommentator=\count383
\c@editor=\count384
\c@savededitor=\count385
\c@editora=\count386
\c@savededitora=\count387
\c@editorb=\count388
\c@savededitorb=\count389
\c@editorc=\count390
\c@savededitorc=\count391
\c@foreword=\count392
\c@savedforeword=\count393
\c@holder=\count394
\c@savedholder=\count395
\c@introduction=\count396
\c@savedintroduction=\count397
\c@namea=\count398
\c@savednamea=\count399
\c@nameb=\count400
\c@savednameb=\count401
\c@namec=\count402
\c@savednamec=\count403
\c@translator=\count404
\c@savedtranslator=\count405
\c@shortauthor=\count406
\c@savedshortauthor=\count407
\c@shorteditor=\count408
\c@savedshorteditor=\count409
\c@booktranslator=\count410
\c@savedbooktranslator=\count411
\c@bookcommentator=\count412
\c@savedbookcommentator=\count413
\c@bookannotator=\count414
\c@savedbookannotator=\count415
\c@bookintroduction=\count416
\c@savedbookintroduction=\count417
\c@bookforeword=\count418
\c@savedbookforeword=\count419
\c@bookafterword=\count420
\c@savedbookafterword=\count421
\c@labelname=\count422
\c@savedlabelname=\count423
\c@institution=\count424
\c@savedinstitution=\count425
\c@lista=\count426
\c@savedlista=\count427
\c@listb=\count428
\c@savedlistb=\count429
\c@listc=\count430
\c@savedlistc=\count431
\c@listd=\count432
\c@savedlistd=\count433
\c@liste=\count434
\c@savedliste=\count435
\c@listf=\count436
\c@savedlistf=\count437
\c@location=\count438
\c@savedlocation=\count439
\c@organization=\count440
\c@savedorganization=\count441
\c@origlocation=\count442
\c@savedoriglocation=\count443
\c@origpublisher=\count444
\c@savedorigpublisher=\count445
\c@publisher=\count446
\c@savedpublisher=\count447
\c@language=\count448
\c@savedlanguage=\count449
\c@origlanguage=\count450
\c@savedoriglanguage=\count451
\c@bookoriglanguage=\count452
\c@savedbookoriglanguage=\count453
\c@specdata=\count454
\c@savedspecdata=\count455
\c@credits=\count456
\c@savedcredits=\count457
\c@bookcredits=\count458
\c@savedbookcredits=\count459
\c@editioncredits=\count460
\c@savededitioncredits=\count461
\c@pageref=\count462
\c@savedpageref=\count463
\shorthandwidth=\skip122
\shortjournalwidth=\skip123
\shortserieswidth=\skip124
\shorttitlewidth=\skip125
\shortauthorwidth=\skip126
\shorteditorwidth=\skip127
\locallabelnumberwidth=\skip128
\locallabelalphawidth=\skip129
\localshorthandwidth=\skip130
\localshortjournalwidth=\skip131
\localshortserieswidth=\skip132
\localshorttitlewidth=\skip133
\localshortauthorwidth=\skip134
\localshorteditorwidth=\skip135
Package biblatex Info: Trying to load enhanced support for Unicode engines...
Package biblatex Info: ... file 'blx-unicode.def' found.
(/usr/local/texlive/2026/texmf-dist/tex/latex/biblatex/blx-unicode.def)
Package biblatex Info: Trying to load compatibility code...
Package biblatex Info: ... file 'blx-compat.def' found.

(/usr/local/texlive/2026/texmf-dist/tex/latex/biblatex/blx-compat.def
File: blx-compat.def 2025/07/10 v3.21 biblatex compatibility (PK/MW)
)
Package biblatex Info: Trying to load generic definitions...
Package biblatex Info: ... file 'biblatex.def' found.

(/usr/local/texlive/2026/texmf-dist/tex/latex/biblatex/biblatex.def
File: biblatex.def 2025/07/10 v3.21 biblatex compatibility (PK/MW)
\c@textcitecount=\count464
\c@textcitetotal=\count465
\c@textcitemaxnames=\count466
\c@biburlbigbreakpenalty=\count467
\c@biburlbreakpenalty=\count468
\c@biburlnumpenalty=\count469
\c@biburlucpenalty=\count470
\c@biburllcpenalty=\count471
\biburlbigskip=\muskip19
\biburlnumskip=\muskip20
\biburlucskip=\muskip21
\biburllcskip=\muskip22
\c@smartand=\count472
)
Package biblatex Info: Trying to load bibliography style 'gost-numeric'...
Package biblatex Info: ... file 'gost-numeric.bbx' found.

(/usr/local/texlive/2026/texmf-dist/tex/latex/biblatex-gost/gost-numeric.bbx
File: gost-numeric.bbx 2023/04/25 v1.24 biblatex-gost styles
Package biblatex Info: Trying to load bibliography style 'gost-standard'...
Package biblatex Info: ... file 'gost-standard.bbx' found.

(/usr/local/texlive/2026/texmf-dist/tex/latex/biblatex-gost/gost-standard.bbx
File: gost-standard.bbx 2023/04/25 v1.24 biblatex-gost styles
Package biblatex Info: Trying to load biblatex-gost generic definitions...
Package biblatex Info: ... file 'biblatex-gost.def' found.

(/usr/local/texlive/2026/texmf-dist/tex/latex/biblatex-gost/biblatex-gost.def
File: biblatex-gost.def 2023/04/25 v1.24 biblatex-gost styles
)
\c@blx@gost@pointer=\count473
\c@bbx:relatedcount=\count474
\c@bbx:relatedtotal=\count475
Package biblatex Info: Redefining autocite command 'footnote'.
Package biblatex Info: Redefining autocite command 'superscript'.
))
Package biblatex Info: Trying to load citation style 'gost-numeric'...
Package biblatex Info: ... file 'gost-numeric.cbx' found.
 (/usr/local/texlive/2026/texmf-dist/tex/latex/biblatex-gost/gost-numeric.cbx
File: gost-numeric.cbx 2023/04/25 v1.24 biblatex-gost styles
Package biblatex Info: Trying to load citation style 'numeric-comp'...
Package biblatex Info: ... file 'numeric-comp.cbx' found.

(/usr/local/texlive/2026/texmf-dist/tex/latex/biblatex/cbx/numeric-comp.cbx
File: numeric-comp.cbx 2025/07/10 v3.21 biblatex citation style (PK/MW)
\c@cbx@tempcnta=\count476
\c@cbx@tempcntb=\count477
\c@cbx@tempcntc=\count478
\c@cbx@tempcntd=\count479
Package biblatex Info: Redefining '\cite'.
Package biblatex Info: Redefining '\parencite'.
Package biblatex Info: Redefining '\footcite'.
Package biblatex Info: Redefining '\footcitetext'.
Package biblatex Info: Redefining '\smartcite'.
Package biblatex Info: Redefining '\supercite'.
Package biblatex Info: Redefining '\textcite'.
Package biblatex Info: Redefining '\textcites'.
Package biblatex Info: Redefining '\cites'.
Package biblatex Info: Redefining '\parencites'.
Package biblatex Info: Redefining '\smartcites'.
))
Package biblatex Info: Trying to load configuration file...
Package biblatex Info: ... file 'biblatex.cfg' found.

(/usr/local/texlive/2026/texmf-dist/tex/latex/biblatex/biblatex.cfg
File: biblatex.cfg 
)
Package biblatex Info: XeTeX detected.
(biblatex)             Assuming input encoding 'utf8'.
Package biblatex Info: Document encoding is UTF8 ....
Package biblatex Info: ... and expl3
(biblatex)             2026-01-19 L3 programming layer (loader) 
(biblatex)             is new enough (at least 2020/04/06),
(biblatex)             setting 'casechanger=expl3'.

(/usr/local/texlive/2026/texmf-dist/tex/latex/biblatex/blx-case-expl3.sty
Package: blx-case-expl3 2025/07/10 v3.21 expl3 case changing code for biblatex
)))
\@quotelevel=\count480
\@quotereset=\count481


LaTeX Warning: Unused global option(s):
    [14pt].

No file appB_standalone.aux.
\openout1 = `appB_standalone.aux'.

LaTeX Font Info:    Checking defaults for OML/cmm/m/it on input line 6.
LaTeX Font Info:    ... okay on input line 6.
LaTeX Font Info:    Checking defaults for OMS/cmsy/m/n on input line 6.
LaTeX Font Info:    ... okay on input line 6.
LaTeX Font Info:    Checking defaults for OT1/cmr/m/n on input line 6.
LaTeX Font Info:    ... okay on input line 6.
LaTeX Font Info:    Checking defaults for T1/cmr/m/n on input line 6.
LaTeX Font Info:    ... okay on input line 6.
LaTeX Font Info:    Checking defaults for TS1/cmr/m/n on input line 6.
LaTeX Font Info:    ... okay on input line 6.
LaTeX Font Info:    Checking defaults for TU/lmr/m/n on input line 6.
LaTeX Font Info:    ... okay on input line 6.
LaTeX Font Info:    Checking defaults for OMX/cmex/m/n on input line 6.
LaTeX Font Info:    ... okay on input line 6.
LaTeX Font Info:    Checking defaults for U/cmr/m/n on input line 6.
LaTeX Font Info:    ... okay on input line 6.

Package fontspec Info: 
(fontspec)             Adjusting the maths setup (use [no-math] to avoid
(fontspec)             this).

\symlegacymaths=\mathgroup4
LaTeX Font Info:    Overwriting symbol font `legacymaths' in version `bold'
(Font)                  OT1/cmr/m/n --> OT1/cmr/bx/n on input line 6.
LaTeX Font Info:    Redeclaring math accent \acute on input line 6.
LaTeX Font Info:    Redeclaring math accent \grave on input line 6.
LaTeX Font Info:    Redeclaring math accent \ddot on input line 6.
LaTeX Font Info:    Redeclaring math accent \tilde on input line 6.
LaTeX Font Info:    Redeclaring math accent \bar on input line 6.
LaTeX Font Info:    Redeclaring math accent \breve on input line 6.
LaTeX Font Info:    Redeclaring math accent \check on input line 6.
LaTeX Font Info:    Redeclaring math accent \hat on input line 6.
LaTeX Font Info:    Redeclaring math accent \dot on input line 6.
LaTeX Font Info:    Redeclaring math accent \mathring on input line 6.
LaTeX Font Info:    Redeclaring math symbol \Gamma on input line 6.
LaTeX Font Info:    Redeclaring math symbol \Delta on input line 6.
LaTeX Font Info:    Redeclaring math symbol \Theta on input line 6.
LaTeX Font Info:    Redeclaring math symbol \Lambda on input line 6.
LaTeX Font Info:    Redeclaring math symbol \Xi on input line 6.
LaTeX Font Info:    Redeclaring math symbol \Pi on input line 6.
LaTeX Font Info:    Redeclaring math symbol \Sigma on input line 6.
LaTeX Font Info:    Redeclaring math symbol \Upsilon on input line 6.
LaTeX Font Info:    Redeclaring math symbol \Phi on input line 6.
LaTeX Font Info:    Redeclaring math symbol \Psi on input line 6.
LaTeX Font Info:    Redeclaring math symbol \Omega on input line 6.
LaTeX Font Info:    Redeclaring math symbol \mathdollar on input line 6.
LaTeX Font Info:    Redeclaring symbol font `operators' on input line 6.
LaTeX Font Info:    Encoding `OT1' has changed to `TU' for symbol font
(Font)              `operators' in the math version `normal' on input line 6.
LaTeX Font Info:    Overwriting symbol font `operators' in version `normal'
(Font)                  OT1/cmr/m/n --> TU/TimesNewRoman(0)/m/n on input line 6
.
LaTeX Font Info:    Encoding `OT1' has changed to `TU' for symbol font
(Font)              `operators' in the math version `bold' on input line 6.
LaTeX Font Info:    Overwriting symbol font `operators' in version `bold'
(Font)                  OT1/cmr/bx/n --> TU/TimesNewRoman(0)/m/n on input line 
6.
LaTeX Font Info:    Overwriting symbol font `operators' in version `normal'
(Font)                  TU/TimesNewRoman(0)/m/n --> TU/TimesNewRoman(0)/m/n on 
input line 6.
LaTeX Font Info:    Overwriting math alphabet `\mathit' in version `normal'
(Font)                  OT1/cmr/m/it --> TU/TimesNewRoman(0)/m/it on input line
 6.
LaTeX Font Info:    Overwriting math alphabet `\mathbf' in version `normal'
(Font)                  OT1/cmr/bx/n --> TU/TimesNewRoman(0)/b/n on input line 
6.
LaTeX Font Info:    Overwriting math alphabet `\mathsf' in version `normal'
(Font)                  OT1/cmss/m/n --> TU/lmss/m/n on input line 6.
LaTeX Font Info:    Overwriting math alphabet `\mathtt' in version `normal'
(Font)                  OT1/cmtt/m/n --> TU/lmtt/m/n on input line 6.
LaTeX Font Info:    Overwriting symbol font `operators' in version `bold'
(Font)                  TU/TimesNewRoman(0)/m/n --> TU/TimesNewRoman(0)/b/n on 
input line 6.
LaTeX Font Info:    Overwriting math alphabet `\mathit' in version `bold'
(Font)                  OT1/cmr/bx/it --> TU/TimesNewRoman(0)/b/it on input lin
e 6.
LaTeX Font Info:    Overwriting math alphabet `\mathsf' in version `bold'
(Font)                  OT1/cmss/bx/n --> TU/lmss/b/n on input line 6.
LaTeX Font Info:    Overwriting math alphabet `\mathtt' in version `bold'
(Font)                  OT1/cmtt/m/n --> TU/lmtt/b/n on input line 6.
*geometry* driver: auto-detecting
*geometry* detected driver: xetex
*geometry* verbose mode - [ preamble ] result:
* driver: xetex
* paper: a4paper
* layout: <same size as paper>
* layoutoffset:(h,v)=(0.0pt,0.0pt)
* modes: 
* h-part:(L,W,R)=(85.35826pt, 469.47049pt, 42.67912pt)
* v-part:(T,H,B)=(56.9055pt, 731.23584pt, 56.9055pt)
* \paperwidth=597.50787pt
* \paperheight=845.04684pt
* \textwidth=469.47049pt
* \textheight=731.23584pt
* \oddsidemargin=13.08827pt
* \evensidemargin=13.08827pt
* \topmargin=-45.43198pt
* \headheight=12.0pt
* \headsep=18.06749pt
* \topskip=10.0pt
* \footskip=25.29494pt
* \marginparwidth=61.0pt
* \marginparsep=7.0pt
* \columnsep=10.0pt
* \skip\footins=9.0pt plus 4.0pt minus 2.0pt
* \hoffset=0.0pt
* \voffset=0.0pt
* \mag=1000
* \@twocolumnfalse
* \@twosidefalse
* \@mparswitchfalse
* \@reversemarginfalse
* (1in=72.27pt=25.4mm, 1cm=28.453pt)

Package caption Info: Begin \AtBeginDocument code.
Package caption Info: longtable package is loaded.
(/usr/local/texlive/2026/texmf-dist/tex/latex/caption/ltcaption.sty
Package: ltcaption 2021/01/08 v1.4c longtable captions (AR)
)
Package caption Info: End \AtBeginDocument code.
Package biblatex Info: Trying to load language 'english' -> 'english-gost'...
Package biblatex Info: ... file 'english-gost.lbx' found.

(/usr/local/texlive/2026/texmf-dist/tex/latex/biblatex-gost/english-gost.lbx
File: english-gost.lbx 2023/04/25 v1.24 biblatex-gost styles
Package biblatex Info: Trying to load language 'english'...
Package biblatex Info: ... file 'english.lbx' found.

(/usr/local/texlive/2026/texmf-dist/tex/latex/biblatex/lbx/english.lbx
File: english.lbx 2025/07/10 v3.21 biblatex localization (PK/MW)
)
Package biblatex Info: Trying to load language 'english'...
Package biblatex Info: ... file 'english.lbx' found.

(/usr/local/texlive/2026/texmf-dist/tex/latex/biblatex/lbx/english.lbx
File: english.lbx 2025/07/10 v3.21 biblatex localization (PK/MW)
))
Package biblatex Info: XeTeX detected.
(biblatex)             Assuming input encoding 'utf8'.
Package biblatex Info: Automatic encoding selection.
(biblatex)             Assuming data encoding 'utf8'.
\openout3 = `appB_standalone.bcf'.

Package biblatex Info: Trying to load bibliographic data...
Package biblatex Info: ... file 'appB_standalone.bbl' not found.

No file appB_standalone.bbl.
Package biblatex Info: Reference section=0 on input line 6.
Package biblatex Info: Reference segment=0 on input line 6.
(./appB.tex
ПРИЛОЖЕНИЕ А.
Missing character: There is no Т (U+0422) in font [lmmono10-regular]:!
Missing character: There is no ы (U+044B) in font [lmmono10-regular]:!
Missing character: There is no р (U+0440) in font [lmmono10-regular]:!
Missing character: There is no е (U+0435) in font [lmmono10-regular]:!
Missing character: There is no ш (U+0448) in font [lmmono10-regular]:!
Missing character: There is no а (U+0430) in font [lmmono10-regular]:!
Missing character: There is no е (U+0435) in font [lmmono10-regular]:!
Missing character: There is no ш (U+0448) in font [lmmono10-regular]:!
Missing character: There is no ь (U+044C) in font [lmmono10-regular]:!
Missing character: There is no з (U+0437) in font [lmmono10-regular]:!
Missing character: There is no а (U+0430) in font [lmmono10-regular]:!
Missing character: There is no д (U+0434) in font [lmmono10-regular]:!
Missing character: There is no а (U+0430) in font [lmmono10-regular]:!
Missing character: There is no ч (U+0447) in font [lmmono10-regular]:!
Missing character: There is no у (U+0443) in font [lmmono10-regular]:!
Missing character: There is no в (U+0432) in font [lmmono10-regular]:!
Missing character: There is no е (U+0435) in font [lmmono10-regular]:!
Missing character: There is no р (U+0440) in font [lmmono10-regular]:!
Missing character: There is no о (U+043E) in font [lmmono10-regular]:!
Missing character: There is no я (U+044F) in font [lmmono10-regular]:!
Missing character: There is no т (U+0442) in font [lmmono10-regular]:!
Missing character: There is no н (U+043D) in font [lmmono10-regular]:!
Missing character: There is no о (U+043E) in font [lmmono10-regular]:!
Missing character: There is no с (U+0441) in font [lmmono10-regular]:!
Missing character: There is no т (U+0442) in font [lmmono10-regular]:!
Missing character: There is no н (U+043D) in font [lmmono10-regular]:!
Missing character: There is no о (U+043E) in font [lmmono10-regular]:!
Missing character: There is no г (U+0433) in font [lmmono10-regular]:!
Missing character: There is no о (U+043E) in font [lmmono10-regular]:!
Missing character: There is no в (U+0432) in font [lmmono10-regular]:!
Missing character: There is no ы (U+044B) in font [lmmono10-regular]:!
Missing character: There is no б (U+0431) in font [lmmono10-regular]:!
Missing character: There is no о (U+043E) in font [lmmono10-regular]:!
Missing character: There is no р (U+0440) in font [lmmono10-regular]:!
Missing character: There is no а (U+0430) in font [lmmono10-regular]:!
Missing character: There is no С (U+0421) in font [lmmono10-regular]:!
Missing character: There is no т (U+0442) in font [lmmono10-regular]:!
Missing character: There is no р (U+0440) in font [lmmono10-regular]:!
Missing character: There is no о (U+043E) in font [lmmono10-regular]:!
Missing character: There is no г (U+0433) in font [lmmono10-regular]:!
Missing character: There is no о (U+043E) in font [lmmono10-regular]:!
Missing character: There is no с (U+0441) in font [lmmono10-regular]:!
Missing character: There is no л (U+043B) in font [lmmono10-regular]:!
Missing character: There is no е (U+0435) in font [lmmono10-regular]:!
Missing character: There is no д (U+0434) in font [lmmono10-regular]:!
Missing character: There is no у (U+0443) in font [lmmono10-regular]:!
Missing character: There is no й (U+0439) in font [lmmono10-regular]:!
Missing character: There is no ф (U+0444) in font [lmmono10-regular]:!
Missing character: There is no о (U+043E) in font [lmmono10-regular]:!
Missing character: There is no р (U+0440) in font [lmmono10-regular]:!
Missing character: There is no м (U+043C) in font [lmmono10-regular]:!
Missing character: There is no а (U+0430) in font [lmmono10-regular]:!
Missing character: There is no т (U+0442) in font [lmmono10-regular]:!
Missing character: There is no у (U+0443) in font [lmmono10-regular]:!
Missing character: There is no о (U+043E) in font [lmmono10-regular]:!
Missing character: There is no т (U+0442) in font [lmmono10-regular]:!
Missing character: There is no в (U+0432) in font [lmmono10-regular]:!
Missing character: There is no е (U+0435) in font [lmmono10-regular]:!
Missing character: There is no т (U+0442) in font [lmmono10-regular]:!
Missing character: There is no а (U+0430) in font [lmmono10-regular]:!
Missing character: There is no п (U+043F) in font [lmmono10-regular]:!
Missing character: There is no о (U+043E) in font [lmmono10-regular]:!
Missing character: There is no л (U+043B) in font [lmmono10-regular]:!
Missing character: There is no ь (U+044C) in font [lmmono10-regular]:!
Missing character: There is no з (U+0437) in font [lmmono10-regular]:!
Missing character: There is no о (U+043E) in font [lmmono10-regular]:!
Missing character: There is no в (U+0432) in font [lmmono10-regular]:!
Missing character: There is no а (U+0430) in font [lmmono10-regular]:!
Missing character: There is no т (U+0442) in font [lmmono10-regular]:!
Missing character: There is no е (U+0435) in font [lmmono10-regular]:!
Missing character: There is no л (U+043B) in font [lmmono10-regular]:!
Missing character: There is no я (U+044F) in font [lmmono10-regular]:!
Missing character: There is no и (U+0438) in font [lmmono10-regular]:!
Missing character: There is no н (U+043D) in font [lmmono10-regular]:!
Missing character: There is no е (U+0435) in font [lmmono10-regular]:!
Missing character: There is no д (U+0434) in font [lmmono10-regular]:!
Missing character: There is no о (U+043E) in font [lmmono10-regular]:!
Missing character: There is no б (U+0431) in font [lmmono10-regular]:!
Missing character: There is no а (U+0430) in font [lmmono10-regular]:!
Missing character: There is no в (U+0432) in font [lmmono10-regular]:!
Missing character: There is no л (U+043B) in font [lmmono10-regular]:!
Missing character: There is no я (U+044F) in font [lmmono10-regular]:!
Missing character: There is no й (U+0439) in font [lmmono10-regular]:!
Missing character: There is no п (U+043F) in font [lmmono10-regular]:!
Missing character: There is no о (U+043E) in font [lmmono10-regular]:!
Missing character: There is no я (U+044F) in font [lmmono10-regular]:!
Missing character: There is no с (U+0441) in font [lmmono10-regular]:!
Missing character: There is no н (U+043D) in font [lmmono10-regular]:!
Missing character: There is no е (U+0435) in font [lmmono10-regular]:!
Missing character: There is no н (U+043D) in font [lmmono10-regular]:!
Missing character: There is no и (U+0438) in font [lmmono10-regular]:!
Missing character: There is no й (U+0439) in font [lmmono10-regular]:!
Missing character: There is no В (U+0412) in font [lmmono10-regular]:!
Missing character: There is no е (U+0435) in font [lmmono10-regular]:!
Missing character: There is no р (U+0440) in font [lmmono10-regular]:!
Missing character: There is no н (U+043D) in font [lmmono10-regular]:!
Missing character: There is no и (U+0438) in font [lmmono10-regular]:!
Missing character: There is no р (U+0440) in font [lmmono10-regular]:!
Missing character: There is no о (U+043E) in font [lmmono10-regular]:!
Missing character: There is no в (U+0432) in font [lmmono10-regular]:!
Missing character: There is no н (U+043D) in font [lmmono10-regular]:!
Missing character: There is no о (U+043E) in font [lmmono10-regular]:!
Missing character: There is no д (U+0434) in font [lmmono10-regular]:!
Missing character: There is no в (U+0432) in font [lmmono10-regular]:!
Missing character: There is no е (U+0435) in font [lmmono10-regular]:!
Missing character: There is no с (U+0441) in font [lmmono10-regular]:!
Missing character: There is no т (U+0442) in font [lmmono10-regular]:!
Missing character: There is no р (U+0440) in font [lmmono10-regular]:!
Missing character: There is no о (U+043E) in font [lmmono10-regular]:!
Missing character: There is no к (U+043A) in font [lmmono10-regular]:!
Missing character: There is no и (U+0438) in font [lmmono10-regular]:!
Missing character: There is no В (U+0412) in font [lmmono10-regular]:!
Missing character: There is no Ы (U+042B) in font [lmmono10-regular]:!
Missing character: There is no Б (U+0411) in font [lmmono10-regular]:!
Missing character: There is no О (U+041E) in font [lmmono10-regular]:!
Missing character: There is no Р (U+0420) in font [lmmono10-regular]:!
Missing character: There is no и (U+0438) in font [lmmono10-regular]:!
Missing character: There is no л (U+043B) in font [lmmono10-regular]:!
Missing character: There is no и (U+0438) in font [lmmono10-regular]:!
Missing character: There is no В (U+0412) in font [lmmono10-regular]:!
Missing character: There is no Ы (U+042B) in font [lmmono10-regular]:!
Missing character: There is no Б (U+0411) in font [lmmono10-regular]:!
Missing character: There is no О (U+041E) in font [lmmono10-regular]:!
Missing character: There is no Р (U+0420) in font [lmmono10-regular]:!
Missing character: There is no з (U+0437) in font [lmmono10-regular]:!
Missing character: There is no а (U+0430) in font [lmmono10-regular]:!
Missing character: There is no т (U+0442) in font [lmmono10-regular]:!
Missing character: There is no е (U+0435) in font [lmmono10-regular]:!
Missing character: There is no м (U+043C) in font [lmmono10-regular]:!
Missing character: There is no У (U+0423) in font [lmmono10-regular]:!
Missing character: There is no В (U+0412) in font [lmmono10-regular]:!
Missing character: There is no Е (U+0415) in font [lmmono10-regular]:!
Missing character: There is no Р (U+0420) in font [lmmono10-regular]:!
Missing character: There is no Е (U+0415) in font [lmmono10-regular]:!
Missing character: There is no Н (U+041D) in font [lmmono10-regular]:!
Missing character: There is no Н (U+041D) in font [lmmono10-regular]:!
Missing character: There is no О (U+041E) in font [lmmono10-regular]:!
Missing character: There is no С (U+0421) in font [lmmono10-regular]:!
Missing character: There is no Т (U+0422) in font [lmmono10-regular]:!
Missing character: There is no Ь (U+042C) in font [lmmono10-regular]:!
Missing character: There is no Н (U+041D) in font [lmmono10-regular]:!
Missing character: There is no е (U+0435) in font [lmmono10-regular]:!
Missing character: There is no и (U+0438) in font [lmmono10-regular]:!
Missing character: There is no с (U+0441) in font [lmmono10-regular]:!
Missing character: There is no п (U+043F) in font [lmmono10-regular]:!
Missing character: There is no о (U+043E) in font [lmmono10-regular]:!
Missing character: There is no л (U+043B) in font [lmmono10-regular]:!
Missing character: There is no ь (U+044C) in font [lmmono10-regular]:!
Missing character: There is no з (U+0437) in font [lmmono10-regular]:!
Missing character: There is no у (U+0443) in font [lmmono10-regular]:!
Missing character: There is no й (U+0439) in font [lmmono10-regular]:!
Missing character: There is no с (U+0441) in font [lmmono10-regular]:!
Missing character: There is no к (U+043A) in font [lmmono10-regular]:!
Missing character: There is no о (U+043E) in font [lmmono10-regular]:!
Missing character: There is no б (U+0431) in font [lmmono10-regular]:!
Missing character: There is no к (U+043A) in font [lmmono10-regular]:!
Missing character: There is no и (U+0438) in font [lmmono10-regular]:!
Missing character: There is no и (U+0438) in font [lmmono10-regular]:!
Missing character: There is no л (U+043B) in font [lmmono10-regular]:!
Missing character: There is no и (U+0438) in font [lmmono10-regular]:!
Missing character: There is no д (U+0434) in font [lmmono10-regular]:!
Missing character: There is no о (U+043E) in font [lmmono10-regular]:!
Missing character: There is no п (U+043F) in font [lmmono10-regular]:!
Missing character: There is no о (U+043E) in font [lmmono10-regular]:!
Missing character: There is no л (U+043B) in font [lmmono10-regular]:!
Missing character: There is no н (U+043D) in font [lmmono10-regular]:!
Missing character: There is no и (U+0438) in font [lmmono10-regular]:!
Missing character: There is no т (U+0442) in font [lmmono10-regular]:!
Missing character: There is no е (U+0435) in font [lmmono10-regular]:!
Missing character: There is no л (U+043B) in font [lmmono10-regular]:!
Missing character: There is no ь (U+044C) in font [lmmono10-regular]:!
Missing character: There is no н (U+043D) in font [lmmono10-regular]:!
Missing character: There is no ы (U+044B) in font [lmmono10-regular]:!
Missing character: There is no е (U+0435) in font [lmmono10-regular]:!
Missing character: There is no с (U+0441) in font [lmmono10-regular]:!
Missing character: There is no и (U+0438) in font [lmmono10-regular]:!
Missing character: There is no м (U+043C) in font [lmmono10-regular]:!
Missing character: There is no в (U+0432) in font [lmmono10-regular]:!
Missing character: There is no о (U+043E) in font [lmmono10-regular]:!
Missing character: There is no л (U+043B) in font [lmmono10-regular]:!
Missing character: There is no ы (U+044B) in font [lmmono10-regular]:!
Missing character: There is no в (U+0432) in font [lmmono10-regular]:!
Missing character: There is no о (U+043E) in font [lmmono10-regular]:!
Missing character: There is no к (U+043A) in font [lmmono10-regular]:!
Missing character: There is no р (U+0440) in font [lmmono10-regular]:!
Missing character: There is no у (U+0443) in font [lmmono10-regular]:!
Missing character: There is no г (U+0433) in font [lmmono10-regular]:!
Missing character: There is no б (U+0431) in font [lmmono10-regular]:!
Missing character: There is no у (U+0443) in font [lmmono10-regular]:!
Missing character: There is no к (U+043A) in font [lmmono10-regular]:!
Missing character: There is no в (U+0432) in font [lmmono10-regular]:!
Missing character: There is no ы (U+044B) in font [lmmono10-regular]:!
Missing character: There is no в (U+0432) in font [lmmono10-regular]:!
Missing character: There is no ы (U+044B) in font [lmmono10-regular]:!
Missing character: There is no б (U+0431) in font [lmmono10-regular]:!
Missing character: There is no о (U+043E) in font [lmmono10-regular]:!
Missing character: There is no р (U+0440) in font [lmmono10-regular]:!
Missing character: There is no а (U+0430) in font [lmmono10-regular]:!

Overfull \hbox (36.57954pt too wide) in paragraph at lines 16--17
[]\TU/lmtt/m/n/10 Ты решаешь задачу вероятностного выбора. Строго следуй формат
у ответа пользователя и не добавляй пояснений. Верни ровно две строки: <<ВЫБОР:

 []

Missing character: There is no П (U+041F) in font [lmmono10-regular]:!
Missing character: There is no р (U+0440) in font [lmmono10-regular]:!
Missing character: There is no о (U+043E) in font [lmmono10-regular]:!
Missing character: There is no ч (U+0447) in font [lmmono10-regular]:!
Missing character: There is no и (U+0438) in font [lmmono10-regular]:!
Missing character: There is no т (U+0442) in font [lmmono10-regular]:!
Missing character: There is no а (U+0430) in font [lmmono10-regular]:!
Missing character: There is no й (U+0439) in font [lmmono10-regular]:!
Missing character: There is no с (U+0441) in font [lmmono10-regular]:!
Missing character: There is no л (U+043B) in font [lmmono10-regular]:!
Missing character: There is no е (U+0435) in font [lmmono10-regular]:!
Missing character: There is no д (U+0434) in font [lmmono10-regular]:!
Missing character: There is no у (U+0443) in font [lmmono10-regular]:!
Missing character: There is no ю (U+044E) in font [lmmono10-regular]:!
Missing character: There is no щ (U+0449) in font [lmmono10-regular]:!
Missing character: There is no е (U+0435) in font [lmmono10-regular]:!
Missing character: There is no е (U+0435) in font [lmmono10-regular]:!
Missing character: There is no о (U+043E) in font [lmmono10-regular]:!
Missing character: There is no п (U+043F) in font [lmmono10-regular]:!
Missing character: There is no и (U+0438) in font [lmmono10-regular]:!
Missing character: There is no с (U+0441) in font [lmmono10-regular]:!
Missing character: There is no а (U+0430) in font [lmmono10-regular]:!
Missing character: There is no н (U+043D) in font [lmmono10-regular]:!
Missing character: There is no и (U+0438) in font [lmmono10-regular]:!
Missing character: There is no е (U+0435) in font [lmmono10-regular]:!
Missing character: There is no и (U+0438) in font [lmmono10-regular]:!
Missing character: There is no о (U+043E) in font [lmmono10-regular]:!
Missing character: There is no т (U+0442) in font [lmmono10-regular]:!
Missing character: There is no в (U+0432) in font [lmmono10-regular]:!
Missing character: There is no е (U+0435) in font [lmmono10-regular]:!
Missing character: There is no т (U+0442) in font [lmmono10-regular]:!
Missing character: There is no ь (U+044C) in font [lmmono10-regular]:!
Missing character: There is no н (U+043D) in font [lmmono10-regular]:!
Missing character: There is no а (U+0430) in font [lmmono10-regular]:!
Missing character: There is no в (U+0432) in font [lmmono10-regular]:!
Missing character: There is no о (U+043E) in font [lmmono10-regular]:!
Missing character: There is no п (U+043F) in font [lmmono10-regular]:!
Missing character: There is no р (U+0440) in font [lmmono10-regular]:!
Missing character: There is no о (U+043E) in font [lmmono10-regular]:!
Missing character: There is no с (U+0441) in font [lmmono10-regular]:!
Missing character: There is no Ч (U+0427) in font [lmmono10-regular]:!
Missing character: There is no т (U+0442) in font [lmmono10-regular]:!
Missing character: There is no о (U+043E) in font [lmmono10-regular]:!
Missing character: There is no б (U+0431) in font [lmmono10-regular]:!
Missing character: There is no о (U+043E) in font [lmmono10-regular]:!
Missing character: There is no л (U+043B) in font [lmmono10-regular]:!
Missing character: There is no е (U+0435) in font [lmmono10-regular]:!
Missing character: There is no е (U+0435) in font [lmmono10-regular]:!
Missing character: There is no в (U+0432) in font [lmmono10-regular]:!
Missing character: There is no е (U+0435) in font [lmmono10-regular]:!
Missing character: There is no р (U+0440) in font [lmmono10-regular]:!
Missing character: There is no о (U+043E) in font [lmmono10-regular]:!
Missing character: There is no я (U+044F) in font [lmmono10-regular]:!
Missing character: There is no т (U+0442) in font [lmmono10-regular]:!
Missing character: There is no н (U+043D) in font [lmmono10-regular]:!
Missing character: There is no о (U+043E) in font [lmmono10-regular]:!
Missing character: There is no С (U+0421) in font [lmmono10-regular]:!
Missing character: There is no н (U+043D) in font [lmmono10-regular]:!
Missing character: There is no а (U+0430) in font [lmmono10-regular]:!
Missing character: There is no ч (U+0447) in font [lmmono10-regular]:!
Missing character: There is no а (U+0430) in font [lmmono10-regular]:!
Missing character: There is no л (U+043B) in font [lmmono10-regular]:!
Missing character: There is no а (U+0430) in font [lmmono10-regular]:!
Missing character: There is no у (U+0443) in font [lmmono10-regular]:!
Missing character: There is no к (U+043A) in font [lmmono10-regular]:!
Missing character: There is no а (U+0430) in font [lmmono10-regular]:!
Missing character: There is no ж (U+0436) in font [lmmono10-regular]:!
Missing character: There is no и (U+0438) in font [lmmono10-regular]:!
Missing character: There is no с (U+0441) in font [lmmono10-regular]:!
Missing character: There is no в (U+0432) in font [lmmono10-regular]:!
Missing character: There is no о (U+043E) in font [lmmono10-regular]:!
Missing character: There is no й (U+0439) in font [lmmono10-regular]:!
Missing character: There is no в (U+0432) in font [lmmono10-regular]:!
Missing character: There is no ы (U+044B) in font [lmmono10-regular]:!
Missing character: There is no б (U+0431) in font [lmmono10-regular]:!
Missing character: There is no о (U+043E) in font [lmmono10-regular]:!
Missing character: There is no р (U+0440) in font [lmmono10-regular]:!
Missing character: There is no т (U+0442) in font [lmmono10-regular]:!
Missing character: There is no о (U+043E) in font [lmmono10-regular]:!
Missing character: There is no л (U+043B) in font [lmmono10-regular]:!
Missing character: There is no ь (U+044C) in font [lmmono10-regular]:!
Missing character: There is no к (U+043A) in font [lmmono10-regular]:!
Missing character: There is no о (U+043E) in font [lmmono10-regular]:!
Missing character: There is no б (U+0431) in font [lmmono10-regular]:!
Missing character: There is no у (U+0443) in font [lmmono10-regular]:!
Missing character: There is no к (U+043A) in font [lmmono10-regular]:!
Missing character: There is no в (U+0432) in font [lmmono10-regular]:!
Missing character: There is no у (U+0443) in font [lmmono10-regular]:!
Missing character: There is no и (U+0438) in font [lmmono10-regular]:!
Missing character: There is no л (U+043B) in font [lmmono10-regular]:!
Missing character: There is no и (U+0438) in font [lmmono10-regular]:!
Missing character: There is no З (U+0417) in font [lmmono10-regular]:!
Missing character: There is no а (U+0430) in font [lmmono10-regular]:!
Missing character: There is no т (U+0442) in font [lmmono10-regular]:!
Missing character: There is no е (U+0435) in font [lmmono10-regular]:!
Missing character: There is no м (U+043C) in font [lmmono10-regular]:!
Missing character: There is no н (U+043D) in font [lmmono10-regular]:!
Missing character: There is no а (U+0430) in font [lmmono10-regular]:!
Missing character: There is no н (U+043D) in font [lmmono10-regular]:!
Missing character: There is no о (U+043E) in font [lmmono10-regular]:!
Missing character: There is no в (U+0432) in font [lmmono10-regular]:!
Missing character: There is no о (U+043E) in font [lmmono10-regular]:!
Missing character: There is no й (U+0439) in font [lmmono10-regular]:!
Missing character: There is no с (U+0441) in font [lmmono10-regular]:!
Missing character: There is no т (U+0442) in font [lmmono10-regular]:!
Missing character: There is no р (U+0440) in font [lmmono10-regular]:!
Missing character: There is no о (U+043E) in font [lmmono10-regular]:!
Missing character: There is no к (U+043A) in font [lmmono10-regular]:!
Missing character: There is no е (U+0435) in font [lmmono10-regular]:!
Missing character: There is no у (U+0443) in font [lmmono10-regular]:!
Missing character: There is no к (U+043A) in font [lmmono10-regular]:!
Missing character: There is no а (U+0430) in font [lmmono10-regular]:!
Missing character: There is no ж (U+0436) in font [lmmono10-regular]:!
Missing character: There is no и (U+0438) in font [lmmono10-regular]:!
Missing character: There is no у (U+0443) in font [lmmono10-regular]:!
Missing character: There is no в (U+0432) in font [lmmono10-regular]:!
Missing character: There is no е (U+0435) in font [lmmono10-regular]:!
Missing character: There is no р (U+0440) in font [lmmono10-regular]:!
Missing character: There is no е (U+0435) in font [lmmono10-regular]:!
Missing character: There is no н (U+043D) in font [lmmono10-regular]:!
Missing character: There is no н (U+043D) in font [lmmono10-regular]:!
Missing character: There is no о (U+043E) in font [lmmono10-regular]:!
Missing character: There is no с (U+0441) in font [lmmono10-regular]:!
Missing character: There is no т (U+0442) in font [lmmono10-regular]:!
Missing character: There is no ь (U+044C) in font [lmmono10-regular]:!
Missing character: There is no в (U+0432) in font [lmmono10-regular]:!
Missing character: There is no т (U+0442) in font [lmmono10-regular]:!
Missing character: There is no о (U+043E) in font [lmmono10-regular]:!
Missing character: There is no м (U+043C) in font [lmmono10-regular]:!
Missing character: There is no ч (U+0447) in font [lmmono10-regular]:!
Missing character: There is no т (U+0442) in font [lmmono10-regular]:!
Missing character: There is no о (U+043E) in font [lmmono10-regular]:!
Missing character: There is no в (U+0432) in font [lmmono10-regular]:!
Missing character: There is no ы (U+044B) in font [lmmono10-regular]:!
Missing character: There is no б (U+0431) in font [lmmono10-regular]:!
Missing character: There is no р (U+0440) in font [lmmono10-regular]:!
Missing character: There is no а (U+0430) in font [lmmono10-regular]:!
Missing character: There is no н (U+043D) in font [lmmono10-regular]:!
Missing character: There is no н (U+043D) in font [lmmono10-regular]:!
Missing character: There is no ы (U+044B) in font [lmmono10-regular]:!
Missing character: There is no й (U+0439) in font [lmmono10-regular]:!
Missing character: There is no в (U+0432) in font [lmmono10-regular]:!
Missing character: There is no а (U+0430) in font [lmmono10-regular]:!
Missing character: There is no р (U+0440) in font [lmmono10-regular]:!
Missing character: There is no и (U+0438) in font [lmmono10-regular]:!
Missing character: There is no а (U+0430) in font [lmmono10-regular]:!
Missing character: There is no н (U+043D) in font [lmmono10-regular]:!
Missing character: There is no т (U+0442) in font [lmmono10-regular]:!
Missing character: There is no б (U+0431) in font [lmmono10-regular]:!
Missing character: There is no о (U+043E) in font [lmmono10-regular]:!
Missing character: There is no л (U+043B) in font [lmmono10-regular]:!
Missing character: There is no е (U+0435) in font [lmmono10-regular]:!
Missing character: There is no е (U+0435) in font [lmmono10-regular]:!
Missing character: There is no в (U+0432) in font [lmmono10-regular]:!
Missing character: There is no е (U+0435) in font [lmmono10-regular]:!
Missing character: There is no р (U+0440) in font [lmmono10-regular]:!
Missing character: There is no о (U+043E) in font [lmmono10-regular]:!
Missing character: There is no я (U+044F) in font [lmmono10-regular]:!
Missing character: There is no т (U+0442) in font [lmmono10-regular]:!
Missing character: There is no е (U+0435) in font [lmmono10-regular]:!
Missing character: There is no н (U+043D) in font [lmmono10-regular]:!
Missing character: There is no п (U+043F) in font [lmmono10-regular]:!
Missing character: There is no о (U+043E) in font [lmmono10-regular]:!
Missing character: There is no ш (U+0448) in font [lmmono10-regular]:!
Missing character: There is no к (U+043A) in font [lmmono10-regular]:!
Missing character: There is no а (U+0430) in font [lmmono10-regular]:!
Missing character: There is no л (U+043B) in font [lmmono10-regular]:!
Missing character: There is no е (U+0435) in font [lmmono10-regular]:!
Missing character: There is no о (U+043E) in font [lmmono10-regular]:!
Missing character: There is no т (U+0442) in font [lmmono10-regular]:!
Missing character: There is no д (U+0434) in font [lmmono10-regular]:!
Missing character: There is no о (U+043E) in font [lmmono10-regular]:!
Missing character: There is no г (U+0433) in font [lmmono10-regular]:!
Missing character: There is no д (U+0434) in font [lmmono10-regular]:!
Missing character: There is no е (U+0435) in font [lmmono10-regular]:!
Missing character: There is no а (U+0430) in font [lmmono10-regular]:!
Missing character: There is no б (U+0431) in font [lmmono10-regular]:!
Missing character: There is no с (U+0441) in font [lmmono10-regular]:!
Missing character: There is no о (U+043E) in font [lmmono10-regular]:!
Missing character: There is no л (U+043B) in font [lmmono10-regular]:!
Missing character: There is no ю (U+044E) in font [lmmono10-regular]:!
Missing character: There is no т (U+0442) in font [lmmono10-regular]:!
Missing character: There is no н (U+043D) in font [lmmono10-regular]:!
Missing character: There is no о (U+043E) in font [lmmono10-regular]:!
Missing character: There is no у (U+0443) in font [lmmono10-regular]:!
Missing character: There is no в (U+0432) in font [lmmono10-regular]:!
Missing character: There is no е (U+0435) in font [lmmono10-regular]:!
Missing character: There is no р (U+0440) in font [lmmono10-regular]:!
Missing character: There is no е (U+0435) in font [lmmono10-regular]:!
Missing character: There is no н (U+043D) in font [lmmono10-regular]:!
Missing character: There is no О (U+041E) in font [lmmono10-regular]:!
Missing character: There is no т (U+0442) in font [lmmono10-regular]:!
Missing character: There is no в (U+0432) in font [lmmono10-regular]:!
Missing character: There is no е (U+0435) in font [lmmono10-regular]:!
Missing character: There is no т (U+0442) in font [lmmono10-regular]:!
Missing character: There is no ь (U+044C) in font [lmmono10-regular]:!
Missing character: There is no с (U+0441) in font [lmmono10-regular]:!
Missing character: There is no т (U+0442) in font [lmmono10-regular]:!
Missing character: There is no р (U+0440) in font [lmmono10-regular]:!
Missing character: There is no о (U+043E) in font [lmmono10-regular]:!
Missing character: There is no г (U+0433) in font [lmmono10-regular]:!
Missing character: There is no о (U+043E) in font [lmmono10-regular]:!
Missing character: There is no в (U+0432) in font [lmmono10-regular]:!
Missing character: There is no д (U+0434) in font [lmmono10-regular]:!
Missing character: There is no в (U+0432) in font [lmmono10-regular]:!
Missing character: There is no у (U+0443) in font [lmmono10-regular]:!
Missing character: There is no х (U+0445) in font [lmmono10-regular]:!
Missing character: There is no с (U+0441) in font [lmmono10-regular]:!
Missing character: There is no т (U+0442) in font [lmmono10-regular]:!
Missing character: There is no р (U+0440) in font [lmmono10-regular]:!
Missing character: There is no о (U+043E) in font [lmmono10-regular]:!
Missing character: There is no к (U+043A) in font [lmmono10-regular]:!
Missing character: There is no а (U+0430) in font [lmmono10-regular]:!
Missing character: There is no х (U+0445) in font [lmmono10-regular]:!
Missing character: There is no Н (U+041D) in font [lmmono10-regular]:!
Missing character: There is no е (U+0435) in font [lmmono10-regular]:!
Missing character: There is no д (U+0434) in font [lmmono10-regular]:!
Missing character: There is no о (U+043E) in font [lmmono10-regular]:!
Missing character: There is no б (U+0431) in font [lmmono10-regular]:!
Missing character: There is no а (U+0430) in font [lmmono10-regular]:!
Missing character: There is no в (U+0432) in font [lmmono10-regular]:!
Missing character: There is no л (U+043B) in font [lmmono10-regular]:!
Missing character: There is no я (U+044F) in font [lmmono10-regular]:!
Missing character: There is no й (U+0439) in font [lmmono10-regular]:!
Missing character: There is no п (U+043F) in font [lmmono10-regular]:!
Missing character: There is no о (U+043E) in font [lmmono10-regular]:!
Missing character: There is no я (U+044F) in font [lmmono10-regular]:!
Missing character: There is no с (U+0441) in font [lmmono10-regular]:!
Missing character: There is no н (U+043D) in font [lmmono10-regular]:!
Missing character: There is no е (U+0435) in font [lmmono10-regular]:!
Missing character: There is no н (U+043D) in font [lmmono10-regular]:!
Missing character: There is no и (U+0438) in font [lmmono10-regular]:!
Missing character: There is no й (U+0439) in font [lmmono10-regular]:!
Missing character: There is no Н (U+041D) in font [lmmono10-regular]:!
Missing character: There is no е (U+0435) in font [lmmono10-regular]:!
Missing character: There is no и (U+0438) in font [lmmono10-regular]:!
Missing character: There is no с (U+0441) in font [lmmono10-regular]:!
Missing character: There is no п (U+043F) in font [lmmono10-regular]:!
Missing character: There is no о (U+043E) in font [lmmono10-regular]:!
Missing character: There is no л (U+043B) in font [lmmono10-regular]:!
Missing character: There is no ь (U+044C) in font [lmmono10-regular]:!
Missing character: There is no з (U+0437) in font [lmmono10-regular]:!
Missing character: There is no у (U+0443) in font [lmmono10-regular]:!
Missing character: There is no й (U+0439) in font [lmmono10-regular]:!
Missing character: There is no с (U+0441) in font [lmmono10-regular]:!
Missing character: There is no к (U+043A) in font [lmmono10-regular]:!
Missing character: There is no о (U+043E) in font [lmmono10-regular]:!
Missing character: There is no б (U+0431) in font [lmmono10-regular]:!
Missing character: There is no к (U+043A) in font [lmmono10-regular]:!
Missing character: There is no и (U+0438) in font [lmmono10-regular]:!
Missing character: There is no в (U+0432) in font [lmmono10-regular]:!
Missing character: There is no о (U+043E) in font [lmmono10-regular]:!
Missing character: There is no к (U+043A) in font [lmmono10-regular]:!
Missing character: There is no р (U+0440) in font [lmmono10-regular]:!
Missing character: There is no у (U+0443) in font [lmmono10-regular]:!
Missing character: There is no г (U+0433) in font [lmmono10-regular]:!
Missing character: There is no и (U+0438) in font [lmmono10-regular]:!
Missing character: There is no л (U+043B) in font [lmmono10-regular]:!
Missing character: There is no и (U+0438) in font [lmmono10-regular]:!
Missing character: There is no Н (U+041D) in font [lmmono10-regular]:!
Missing character: There is no е (U+0435) in font [lmmono10-regular]:!
Missing character: There is no и (U+0438) in font [lmmono10-regular]:!
Missing character: There is no с (U+0441) in font [lmmono10-regular]:!
Missing character: There is no п (U+043F) in font [lmmono10-regular]:!
Missing character: There is no о (U+043E) in font [lmmono10-regular]:!
Missing character: There is no л (U+043B) in font [lmmono10-regular]:!
Missing character: There is no ь (U+044C) in font [lmmono10-regular]:!
Missing character: There is no з (U+0437) in font [lmmono10-regular]:!
Missing character: There is no у (U+0443) in font [lmmono10-regular]:!
Missing character: There is no й (U+0439) in font [lmmono10-regular]:!
Missing character: There is no к (U+043A) in font [lmmono10-regular]:!
Missing character: There is no в (U+0432) in font [lmmono10-regular]:!
Missing character: There is no а (U+0430) in font [lmmono10-regular]:!
Missing character: There is no д (U+0434) in font [lmmono10-regular]:!
Missing character: There is no р (U+0440) in font [lmmono10-regular]:!
Missing character: There is no а (U+0430) in font [lmmono10-regular]:!
Missing character: There is no т (U+0442) in font [lmmono10-regular]:!
Missing character: There is no н (U+043D) in font [lmmono10-regular]:!
Missing character: There is no ы (U+044B) in font [lmmono10-regular]:!
Missing character: There is no е (U+0435) in font [lmmono10-regular]:!
Missing character: There is no с (U+0441) in font [lmmono10-regular]:!
Missing character: There is no к (U+043A) in font [lmmono10-regular]:!
Missing character: There is no о (U+043E) in font [lmmono10-regular]:!
Missing character: There is no б (U+0431) in font [lmmono10-regular]:!
Missing character: There is no к (U+043A) in font [lmmono10-regular]:!
Missing character: There is no и (U+0438) in font [lmmono10-regular]:!
Missing character: There is no в (U+0432) in font [lmmono10-regular]:!
Missing character: There is no с (U+0441) in font [lmmono10-regular]:!
Missing character: There is no а (U+0430) in font [lmmono10-regular]:!
Missing character: There is no м (U+043C) in font [lmmono10-regular]:!
Missing character: There is no о (U+043E) in font [lmmono10-regular]:!
Missing character: There is no м (U+043C) in font [lmmono10-regular]:!
Missing character: There is no о (U+043E) in font [lmmono10-regular]:!
Missing character: There is no т (U+0442) in font [lmmono10-regular]:!
Missing character: There is no в (U+0432) in font [lmmono10-regular]:!
Missing character: There is no е (U+0435) in font [lmmono10-regular]:!
Missing character: There is no т (U+0442) in font [lmmono10-regular]:!
Missing character: There is no е (U+0435) in font [lmmono10-regular]:!
Missing character: There is no Ф (U+0424) in font [lmmono10-regular]:!
Missing character: There is no о (U+043E) in font [lmmono10-regular]:!
Missing character: There is no р (U+0440) in font [lmmono10-regular]:!
Missing character: There is no м (U+043C) in font [lmmono10-regular]:!
Missing character: There is no а (U+0430) in font [lmmono10-regular]:!
Missing character: There is no т (U+0442) in font [lmmono10-regular]:!
Missing character: There is no о (U+043E) in font [lmmono10-regular]:!
Missing character: There is no т (U+0442) in font [lmmono10-regular]:!
Missing character: There is no в (U+0432) in font [lmmono10-regular]:!
Missing character: There is no е (U+0435) in font [lmmono10-regular]:!
Missing character: There is no т (U+0442) in font [lmmono10-regular]:!
Missing character: There is no а (U+0430) in font [lmmono10-regular]:!
Missing character: There is no В (U+0412) in font [lmmono10-regular]:!
Missing character: There is no Ы (U+042B) in font [lmmono10-regular]:!
Missing character: There is no Б (U+0411) in font [lmmono10-regular]:!
Missing character: There is no О (U+041E) in font [lmmono10-regular]:!
Missing character: There is no Р (U+0420) in font [lmmono10-regular]:!
Missing character: There is no и (U+0438) in font [lmmono10-regular]:!
Missing character: There is no л (U+043B) in font [lmmono10-regular]:!
Missing character: There is no и (U+0438) in font [lmmono10-regular]:!
Missing character: There is no У (U+0423) in font [lmmono10-regular]:!
Missing character: There is no В (U+0412) in font [lmmono10-regular]:!
Missing character: There is no Е (U+0415) in font [lmmono10-regular]:!
Missing character: There is no Р (U+0420) in font [lmmono10-regular]:!
Missing character: There is no Е (U+0415) in font [lmmono10-regular]:!
Missing character: There is no Н (U+041D) in font [lmmono10-regular]:!
Missing character: There is no Н (U+041D) in font [lmmono10-regular]:!
Missing character: There is no О (U+041E) in font [lmmono10-regular]:!
Missing character: There is no С (U+0421) in font [lmmono10-regular]:!
Missing character: There is no Т (U+0422) in font [lmmono10-regular]:!
Missing character: There is no Ь (U+042C) in font [lmmono10-regular]:!

Overfull \hbox (3.67952pt too wide) in paragraph at lines 24--38
\TU/lmtt/m/n/10 Затем на новой строке укажи уверенность в том что выбранный вар
иант более вероятен по шкале от 0 до 100, где 100 = абсолютно
 []


Overfull \hbox (3.58888pt too wide) in paragraph at lines 40--41
\TU/TimesNewRoman(0)/m/n/10 (имя, раса, возраст); \TU/lmtt/m/n/10 {simple_optio
n} \TU/TimesNewRoman(0)/m/n/10 — вариант T (профессия); \TU/lmtt/m/n/10 {conjun
ction_option} \TU/TimesNewRoman(0)/m/n/10 — вариант T_and_F1
 []

Missing character: There is no П (U+041F) in font [lmmono10-regular]:!
Missing character: There is no р (U+0440) in font [lmmono10-regular]:!
Missing character: There is no о (U+043E) in font [lmmono10-regular]:!
Missing character: There is no ч (U+0447) in font [lmmono10-regular]:!
Missing character: There is no и (U+0438) in font [lmmono10-regular]:!
Missing character: There is no т (U+0442) in font [lmmono10-regular]:!
Missing character: There is no а (U+0430) in font [lmmono10-regular]:!
Missing character: There is no й (U+0439) in font [lmmono10-regular]:!
Missing character: There is no с (U+0441) in font [lmmono10-regular]:!
Missing character: There is no л (U+043B) in font [lmmono10-regular]:!
Missing character: There is no е (U+0435) in font [lmmono10-regular]:!
Missing character: There is no д (U+0434) in font [lmmono10-regular]:!
Missing character: There is no у (U+0443) in font [lmmono10-regular]:!
Missing character: There is no ю (U+044E) in font [lmmono10-regular]:!
Missing character: There is no щ (U+0449) in font [lmmono10-regular]:!
Missing character: There is no е (U+0435) in font [lmmono10-regular]:!
Missing character: There is no е (U+0435) in font [lmmono10-regular]:!
Missing character: There is no о (U+043E) in font [lmmono10-regular]:!
Missing character: There is no п (U+043F) in font [lmmono10-regular]:!
Missing character: There is no и (U+0438) in font [lmmono10-regular]:!
Missing character: There is no с (U+0441) in font [lmmono10-regular]:!
Missing character: There is no а (U+0430) in font [lmmono10-regular]:!
Missing character: There is no н (U+043D) in font [lmmono10-regular]:!
Missing character: There is no и (U+0438) in font [lmmono10-regular]:!
Missing character: There is no е (U+0435) in font [lmmono10-regular]:!
Missing character: There is no и (U+0438) in font [lmmono10-regular]:!
Missing character: There is no о (U+043E) in font [lmmono10-regular]:!
Missing character: There is no т (U+0442) in font [lmmono10-regular]:!
Missing character: There is no в (U+0432) in font [lmmono10-regular]:!
Missing character: There is no е (U+0435) in font [lmmono10-regular]:!
Missing character: There is no т (U+0442) in font [lmmono10-regular]:!
Missing character: There is no ь (U+044C) in font [lmmono10-regular]:!
Missing character: There is no н (U+043D) in font [lmmono10-regular]:!
Missing character: There is no а (U+0430) in font [lmmono10-regular]:!
Missing character: There is no в (U+0432) in font [lmmono10-regular]:!
Missing character: There is no о (U+043E) in font [lmmono10-regular]:!
Missing character: There is no п (U+043F) in font [lmmono10-regular]:!
Missing character: There is no р (U+0440) in font [lmmono10-regular]:!
Missing character: There is no о (U+043E) in font [lmmono10-regular]:!
Missing character: There is no с (U+0441) in font [lmmono10-regular]:!
Missing character: There is no Ч (U+0427) in font [lmmono10-regular]:!
Missing character: There is no т (U+0442) in font [lmmono10-regular]:!
Missing character: There is no о (U+043E) in font [lmmono10-regular]:!
Missing character: There is no б (U+0431) in font [lmmono10-regular]:!
Missing character: There is no о (U+043E) in font [lmmono10-regular]:!
Missing character: There is no л (U+043B) in font [lmmono10-regular]:!
Missing character: There is no е (U+0435) in font [lmmono10-regular]:!
Missing character: There is no е (U+0435) in font [lmmono10-regular]:!
Missing character: There is no в (U+0432) in font [lmmono10-regular]:!
Missing character: There is no е (U+0435) in font [lmmono10-regular]:!
Missing character: There is no р (U+0440) in font [lmmono10-regular]:!
Missing character: There is no о (U+043E) in font [lmmono10-regular]:!
Missing character: There is no я (U+044F) in font [lmmono10-regular]:!
Missing character: There is no т (U+0442) in font [lmmono10-regular]:!
Missing character: There is no н (U+043D) in font [lmmono10-regular]:!
Missing character: There is no о (U+043E) in font [lmmono10-regular]:!
Missing character: There is no С (U+0421) in font [lmmono10-regular]:!
Missing character: There is no н (U+043D) in font [lmmono10-regular]:!
Missing character: There is no а (U+0430) in font [lmmono10-regular]:!
Missing character: There is no ч (U+0447) in font [lmmono10-regular]:!
Missing character: There is no а (U+0430) in font [lmmono10-regular]:!
Missing character: There is no л (U+043B) in font [lmmono10-regular]:!
Missing character: There is no а (U+0430) in font [lmmono10-regular]:!
Missing character: There is no у (U+0443) in font [lmmono10-regular]:!
Missing character: There is no к (U+043A) in font [lmmono10-regular]:!
Missing character: There is no а (U+0430) in font [lmmono10-regular]:!
Missing character: There is no ж (U+0436) in font [lmmono10-regular]:!
Missing character: There is no и (U+0438) in font [lmmono10-regular]:!
Missing character: There is no с (U+0441) in font [lmmono10-regular]:!
Missing character: There is no в (U+0432) in font [lmmono10-regular]:!
Missing character: There is no о (U+043E) in font [lmmono10-regular]:!
Missing character: There is no й (U+0439) in font [lmmono10-regular]:!
Missing character: There is no в (U+0432) in font [lmmono10-regular]:!
Missing character: There is no ы (U+044B) in font [lmmono10-regular]:!
Missing character: There is no б (U+0431) in font [lmmono10-regular]:!
Missing character: There is no о (U+043E) in font [lmmono10-regular]:!
Missing character: There is no р (U+0440) in font [lmmono10-regular]:!
Missing character: There is no т (U+0442) in font [lmmono10-regular]:!
Missing character: There is no о (U+043E) in font [lmmono10-regular]:!
Missing character: There is no л (U+043B) in font [lmmono10-regular]:!
Missing character: There is no ь (U+044C) in font [lmmono10-regular]:!
Missing character: There is no к (U+043A) in font [lmmono10-regular]:!
Missing character: There is no о (U+043E) in font [lmmono10-regular]:!
Missing character: There is no б (U+0431) in font [lmmono10-regular]:!
Missing character: There is no у (U+0443) in font [lmmono10-regular]:!
Missing character: There is no к (U+043A) in font [lmmono10-regular]:!
Missing character: There is no в (U+0432) in font [lmmono10-regular]:!
Missing character: There is no у (U+0443) in font [lmmono10-regular]:!
Missing character: There is no и (U+0438) in font [lmmono10-regular]:!
Missing character: There is no л (U+043B) in font [lmmono10-regular]:!
Missing character: There is no и (U+0438) in font [lmmono10-regular]:!
Missing character: There is no З (U+0417) in font [lmmono10-regular]:!
Missing character: There is no а (U+0430) in font [lmmono10-regular]:!
Missing character: There is no т (U+0442) in font [lmmono10-regular]:!
Missing character: There is no е (U+0435) in font [lmmono10-regular]:!
Missing character: There is no м (U+043C) in font [lmmono10-regular]:!
Missing character: There is no н (U+043D) in font [lmmono10-regular]:!
Missing character: There is no а (U+0430) in font [lmmono10-regular]:!
Missing character: There is no н (U+043D) in font [lmmono10-regular]:!
Missing character: There is no о (U+043E) in font [lmmono10-regular]:!
Missing character: There is no в (U+0432) in font [lmmono10-regular]:!
Missing character: There is no о (U+043E) in font [lmmono10-regular]:!
Missing character: There is no й (U+0439) in font [lmmono10-regular]:!
Missing character: There is no с (U+0441) in font [lmmono10-regular]:!
Missing character: There is no т (U+0442) in font [lmmono10-regular]:!
Missing character: There is no р (U+0440) in font [lmmono10-regular]:!
Missing character: There is no о (U+043E) in font [lmmono10-regular]:!
Missing character: There is no к (U+043A) in font [lmmono10-regular]:!
Missing character: There is no е (U+0435) in font [lmmono10-regular]:!
Missing character: There is no у (U+0443) in font [lmmono10-regular]:!
Missing character: There is no к (U+043A) in font [lmmono10-regular]:!
Missing character: There is no а (U+0430) in font [lmmono10-regular]:!
Missing character: There is no ж (U+0436) in font [lmmono10-regular]:!
Missing character: There is no и (U+0438) in font [lmmono10-regular]:!
Missing character: There is no у (U+0443) in font [lmmono10-regular]:!
Missing character: There is no в (U+0432) in font [lmmono10-regular]:!
Missing character: There is no е (U+0435) in font [lmmono10-regular]:!
Missing character: There is no р (U+0440) in font [lmmono10-regular]:!
Missing character: There is no е (U+0435) in font [lmmono10-regular]:!
Missing character: There is no н (U+043D) in font [lmmono10-regular]:!
Missing character: There is no н (U+043D) in font [lmmono10-regular]:!
Missing character: There is no о (U+043E) in font [lmmono10-regular]:!
Missing character: There is no с (U+0441) in font [lmmono10-regular]:!
Missing character: There is no т (U+0442) in font [lmmono10-regular]:!
Missing character: There is no ь (U+044C) in font [lmmono10-regular]:!
Missing character: There is no в (U+0432) in font [lmmono10-regular]:!
Missing character: There is no т (U+0442) in font [lmmono10-regular]:!
Missing character: There is no о (U+043E) in font [lmmono10-regular]:!
Missing character: There is no м (U+043C) in font [lmmono10-regular]:!
Missing character: There is no ч (U+0447) in font [lmmono10-regular]:!
Missing character: There is no т (U+0442) in font [lmmono10-regular]:!
Missing character: There is no о (U+043E) in font [lmmono10-regular]:!
Missing character: There is no в (U+0432) in font [lmmono10-regular]:!
Missing character: There is no ы (U+044B) in font [lmmono10-regular]:!
Missing character: There is no б (U+0431) in font [lmmono10-regular]:!
Missing character: There is no р (U+0440) in font [lmmono10-regular]:!
Missing character: There is no а (U+0430) in font [lmmono10-regular]:!
Missing character: There is no н (U+043D) in font [lmmono10-regular]:!
Missing character: There is no н (U+043D) in font [lmmono10-regular]:!
Missing character: There is no ы (U+044B) in font [lmmono10-regular]:!
Missing character: There is no й (U+0439) in font [lmmono10-regular]:!
Missing character: There is no в (U+0432) in font [lmmono10-regular]:!
Missing character: There is no а (U+0430) in font [lmmono10-regular]:!
Missing character: There is no р (U+0440) in font [lmmono10-regular]:!
Missing character: There is no и (U+0438) in font [lmmono10-regular]:!
Missing character: There is no а (U+0430) in font [lmmono10-regular]:!
Missing character: There is no н (U+043D) in font [lmmono10-regular]:!
Missing character: There is no т (U+0442) in font [lmmono10-regular]:!
Missing character: There is no б (U+0431) in font [lmmono10-regular]:!
Missing character: There is no о (U+043E) in font [lmmono10-regular]:!
Missing character: There is no л (U+043B) in font [lmmono10-regular]:!
Missing character: There is no е (U+0435) in font [lmmono10-regular]:!
Missing character: There is no е (U+0435) in font [lmmono10-regular]:!
Missing character: There is no в (U+0432) in font [lmmono10-regular]:!
Missing character: There is no е (U+0435) in font [lmmono10-regular]:!
Missing character: There is no р (U+0440) in font [lmmono10-regular]:!
Missing character: There is no о (U+043E) in font [lmmono10-regular]:!
Missing character: There is no я (U+044F) in font [lmmono10-regular]:!
Missing character: There is no т (U+0442) in font [lmmono10-regular]:!
Missing character: There is no е (U+0435) in font [lmmono10-regular]:!
Missing character: There is no н (U+043D) in font [lmmono10-regular]:!
Missing character: There is no п (U+043F) in font [lmmono10-regular]:!
Missing character: There is no о (U+043E) in font [lmmono10-regular]:!
Missing character: There is no ш (U+0448) in font [lmmono10-regular]:!
Missing character: There is no к (U+043A) in font [lmmono10-regular]:!
Missing character: There is no а (U+0430) in font [lmmono10-regular]:!
Missing character: There is no л (U+043B) in font [lmmono10-regular]:!
Missing character: There is no е (U+0435) in font [lmmono10-regular]:!
Missing character: There is no о (U+043E) in font [lmmono10-regular]:!
Missing character: There is no т (U+0442) in font [lmmono10-regular]:!
Missing character: There is no д (U+0434) in font [lmmono10-regular]:!
Missing character: There is no о (U+043E) in font [lmmono10-regular]:!
Missing character: There is no г (U+0433) in font [lmmono10-regular]:!
Missing character: There is no д (U+0434) in font [lmmono10-regular]:!
Missing character: There is no е (U+0435) in font [lmmono10-regular]:!
Missing character: There is no а (U+0430) in font [lmmono10-regular]:!
Missing character: There is no б (U+0431) in font [lmmono10-regular]:!
Missing character: There is no с (U+0441) in font [lmmono10-regular]:!
Missing character: There is no о (U+043E) in font [lmmono10-regular]:!
Missing character: There is no л (U+043B) in font [lmmono10-regular]:!
Missing character: There is no ю (U+044E) in font [lmmono10-regular]:!
Missing character: There is no т (U+0442) in font [lmmono10-regular]:!
Missing character: There is no н (U+043D) in font [lmmono10-regular]:!
Missing character: There is no о (U+043E) in font [lmmono10-regular]:!
Missing character: There is no у (U+0443) in font [lmmono10-regular]:!
Missing character: There is no в (U+0432) in font [lmmono10-regular]:!
Missing character: There is no е (U+0435) in font [lmmono10-regular]:!
Missing character: There is no р (U+0440) in font [lmmono10-regular]:!
Missing character: There is no е (U+0435) in font [lmmono10-regular]:!
Missing character: There is no н (U+043D) in font [lmmono10-regular]:!
Missing character: There is no О (U+041E) in font [lmmono10-regular]:!
Missing character: There is no т (U+0442) in font [lmmono10-regular]:!
Missing character: There is no в (U+0432) in font [lmmono10-regular]:!
Missing character: There is no е (U+0435) in font [lmmono10-regular]:!
Missing character: There is no т (U+0442) in font [lmmono10-regular]:!
Missing character: There is no ь (U+044C) in font [lmmono10-regular]:!
Missing character: There is no с (U+0441) in font [lmmono10-regular]:!
Missing character: There is no т (U+0442) in font [lmmono10-regular]:!
Missing character: There is no р (U+0440) in font [lmmono10-regular]:!
Missing character: There is no о (U+043E) in font [lmmono10-regular]:!
Missing character: There is no г (U+0433) in font [lmmono10-regular]:!
Missing character: There is no о (U+043E) in font [lmmono10-regular]:!
Missing character: There is no в (U+0432) in font [lmmono10-regular]:!
Missing character: There is no д (U+0434) in font [lmmono10-regular]:!
Missing character: There is no в (U+0432) in font [lmmono10-regular]:!
Missing character: There is no у (U+0443) in font [lmmono10-regular]:!
Missing character: There is no х (U+0445) in font [lmmono10-regular]:!
Missing character: There is no с (U+0441) in font [lmmono10-regular]:!
Missing character: There is no т (U+0442) in font [lmmono10-regular]:!
Missing character: There is no р (U+0440) in font [lmmono10-regular]:!
Missing character: There is no о (U+043E) in font [lmmono10-regular]:!
Missing character: There is no к (U+043A) in font [lmmono10-regular]:!
Missing character: There is no а (U+0430) in font [lmmono10-regular]:!
Missing character: There is no х (U+0445) in font [lmmono10-regular]:!
Missing character: There is no Н (U+041D) in font [lmmono10-regular]:!
Missing character: There is no е (U+0435) in font [lmmono10-regular]:!
Missing character: There is no д (U+0434) in font [lmmono10-regular]:!
Missing character: There is no о (U+043E) in font [lmmono10-regular]:!
Missing character: There is no б (U+0431) in font [lmmono10-regular]:!
Missing character: There is no а (U+0430) in font [lmmono10-regular]:!
Missing character: There is no в (U+0432) in font [lmmono10-regular]:!
Missing character: There is no л (U+043B) in font [lmmono10-regular]:!
Missing character: There is no я (U+044F) in font [lmmono10-regular]:!
Missing character: There is no й (U+0439) in font [lmmono10-regular]:!
Missing character: There is no п (U+043F) in font [lmmono10-regular]:!
Missing character: There is no о (U+043E) in font [lmmono10-regular]:!
Missing character: There is no я (U+044F) in font [lmmono10-regular]:!
Missing character: There is no с (U+0441) in font [lmmono10-regular]:!
Missing character: There is no н (U+043D) in font [lmmono10-regular]:!
Missing character: There is no е (U+0435) in font [lmmono10-regular]:!
Missing character: There is no н (U+043D) in font [lmmono10-regular]:!
Missing character: There is no и (U+0438) in font [lmmono10-regular]:!
Missing character: There is no й (U+0439) in font [lmmono10-regular]:!
Missing character: There is no Н (U+041D) in font [lmmono10-regular]:!
Missing character: There is no е (U+0435) in font [lmmono10-regular]:!
Missing character: There is no и (U+0438) in font [lmmono10-regular]:!
Missing character: There is no с (U+0441) in font [lmmono10-regular]:!
Missing character: There is no п (U+043F) in font [lmmono10-regular]:!
Missing character: There is no о (U+043E) in font [lmmono10-regular]:!
Missing character: There is no л (U+043B) in font [lmmono10-regular]:!
Missing character: There is no ь (U+044C) in font [lmmono10-regular]:!
Missing character: There is no з (U+0437) in font [lmmono10-regular]:!
Missing character: There is no у (U+0443) in font [lmmono10-regular]:!
Missing character: There is no й (U+0439) in font [lmmono10-regular]:!
Missing character: There is no с (U+0441) in font [lmmono10-regular]:!
Missing character: There is no к (U+043A) in font [lmmono10-regular]:!
Missing character: There is no о (U+043E) in font [lmmono10-regular]:!
Missing character: There is no б (U+0431) in font [lmmono10-regular]:!
Missing character: There is no к (U+043A) in font [lmmono10-regular]:!
Missing character: There is no и (U+0438) in font [lmmono10-regular]:!
Missing character: There is no в (U+0432) in font [lmmono10-regular]:!
Missing character: There is no о (U+043E) in font [lmmono10-regular]:!
Missing character: There is no к (U+043A) in font [lmmono10-regular]:!
Missing character: There is no р (U+0440) in font [lmmono10-regular]:!
Missing character: There is no у (U+0443) in font [lmmono10-regular]:!
Missing character: There is no г (U+0433) in font [lmmono10-regular]:!
Missing character: There is no и (U+0438) in font [lmmono10-regular]:!
Missing character: There is no л (U+043B) in font [lmmono10-regular]:!
Missing character: There is no и (U+0438) in font [lmmono10-regular]:!
Missing character: There is no Н (U+041D) in font [lmmono10-regular]:!
Missing character: There is no е (U+0435) in font [lmmono10-regular]:!
Missing character: There is no и (U+0438) in font [lmmono10-regular]:!
Missing character: There is no с (U+0441) in font [lmmono10-regular]:!
Missing character: There is no п (U+043F) in font [lmmono10-regular]:!
Missing character: There is no о (U+043E) in font [lmmono10-regular]:!
Missing character: There is no л (U+043B) in font [lmmono10-regular]:!
Missing character: There is no ь (U+044C) in font [lmmono10-regular]:!
Missing character: There is no з (U+0437) in font [lmmono10-regular]:!
Missing character: There is no у (U+0443) in font [lmmono10-regular]:!
Missing character: There is no й (U+0439) in font [lmmono10-regular]:!
Missing character: There is no к (U+043A) in font [lmmono10-regular]:!
Missing character: There is no в (U+0432) in font [lmmono10-regular]:!
Missing character: There is no а (U+0430) in font [lmmono10-regular]:!
Missing character: There is no д (U+0434) in font [lmmono10-regular]:!
Missing character: There is no р (U+0440) in font [lmmono10-regular]:!
Missing character: There is no а (U+0430) in font [lmmono10-regular]:!
Missing character: There is no т (U+0442) in font [lmmono10-regular]:!
Missing character: There is no н (U+043D) in font [lmmono10-regular]:!
Missing character: There is no ы (U+044B) in font [lmmono10-regular]:!
Missing character: There is no е (U+0435) in font [lmmono10-regular]:!
Missing character: There is no с (U+0441) in font [lmmono10-regular]:!
Missing character: There is no к (U+043A) in font [lmmono10-regular]:!
Missing character: There is no о (U+043E) in font [lmmono10-regular]:!
Missing character: There is no б (U+0431) in font [lmmono10-regular]:!
Missing character: There is no к (U+043A) in font [lmmono10-regular]:!
Missing character: There is no и (U+0438) in font [lmmono10-regular]:!
Missing character: There is no в (U+0432) in font [lmmono10-regular]:!
Missing character: There is no с (U+0441) in font [lmmono10-regular]:!
Missing character: There is no а (U+0430) in font [lmmono10-regular]:!
Missing character: There is no м (U+043C) in font [lmmono10-regular]:!
Missing character: There is no о (U+043E) in font [lmmono10-regular]:!
Missing character: There is no м (U+043C) in font [lmmono10-regular]:!
Missing character: There is no о (U+043E) in font [lmmono10-regular]:!
Missing character: There is no т (U+0442) in font [lmmono10-regular]:!
Missing character: There is no в (U+0432) in font [lmmono10-regular]:!
Missing character: There is no е (U+0435) in font [lmmono10-regular]:!
Missing character: There is no т (U+0442) in font [lmmono10-regular]:!
Missing character: There is no е (U+0435) in font [lmmono10-regular]:!
Missing character: There is no Ф (U+0424) in font [lmmono10-regular]:!
Missing character: There is no о (U+043E) in font [lmmono10-regular]:!
Missing character: There is no р (U+0440) in font [lmmono10-regular]:!
Missing character: There is no м (U+043C) in font [lmmono10-regular]:!
Missing character: There is no а (U+0430) in font [lmmono10-regular]:!
Missing character: There is no т (U+0442) in font [lmmono10-regular]:!
Missing character: There is no о (U+043E) in font [lmmono10-regular]:!
Missing character: There is no т (U+0442) in font [lmmono10-regular]:!
Missing character: There is no в (U+0432) in font [lmmono10-regular]:!
Missing character: There is no е (U+0435) in font [lmmono10-regular]:!
Missing character: There is no т (U+0442) in font [lmmono10-regular]:!
Missing character: There is no а (U+0430) in font [lmmono10-regular]:!
Missing character: There is no В (U+0412) in font [lmmono10-regular]:!
Missing character: There is no Ы (U+042B) in font [lmmono10-regular]:!
Missing character: There is no Б (U+0411) in font [lmmono10-regular]:!
Missing character: There is no О (U+041E) in font [lmmono10-regular]:!
Missing character: There is no Р (U+0420) in font [lmmono10-regular]:!
Missing character: There is no и (U+0438) in font [lmmono10-regular]:!
Missing character: There is no л (U+043B) in font [lmmono10-regular]:!
Missing character: There is no и (U+0438) in font [lmmono10-regular]:!
Missing character: There is no У (U+0423) in font [lmmono10-regular]:!
Missing character: There is no В (U+0412) in font [lmmono10-regular]:!
Missing character: There is no Е (U+0415) in font [lmmono10-regular]:!
Missing character: There is no Р (U+0420) in font [lmmono10-regular]:!
Missing character: There is no Е (U+0415) in font [lmmono10-regular]:!
Missing character: There is no Н (U+041D) in font [lmmono10-regular]:!
Missing character: There is no Н (U+041D) in font [lmmono10-regular]:!
Missing character: There is no О (U+041E) in font [lmmono10-regular]:!
Missing character: There is no С (U+0421) in font [lmmono10-regular]:!
Missing character: There is no Т (U+0422) in font [lmmono10-regular]:!
Missing character: There is no Ь (U+042C) in font [lmmono10-regular]:!

Overfull \hbox (12.77951pt too wide) in paragraph at lines 47--61
\TU/lmtt/m/n/10 Wei is an Asian 38-year-old public defender who takes on cases 
others refuse. They
 []


Overfull \hbox (5.77951pt too wide) in paragraph at lines 47--61
\TU/lmtt/m/n/10 grew up in a low-income neighborhood and were the first in thei
r family to attend
 []


Overfull \hbox (18.02951pt too wide) in paragraph at lines 47--61
\TU/lmtt/m/n/10 college. They are known for their passionate speeches about sys
temic inequality and
 []


Overfull \hbox (3.67952pt too wide) in paragraph at lines 47--61
\TU/lmtt/m/n/10 Затем на новой строке укажи уверенность в том что выбранный вар
иант более вероятен по шкале от 0 до 100, где 100 = абсолютно
 []

[1


]
Overfull \hbox (42.52951pt too wide) in paragraph at lines 77--84
\TU/lmtt/m/n/10 Your task is to identify which cards must be turned over to che
ck if a rule is violated. 
 []

[2]
Overfull \hbox (11.02951pt too wide) in paragraph at lines 129--152
\TU/lmtt/m/n/10 YOU MUST respond in a fenced python block on EVERY turn, using 
this EXACT content: 
 []


Overfull \hbox (7.52951pt too wide) in paragraph at lines 129--152
\TU/lmtt/m/n/10 2. Use ONLY positive integers from 1 to 1000 (no zero, no negat
ives, no decimals) 
 []


Overfull \hbox (32.02951pt too wide) in paragraph at lines 129--152
\TU/lmtt/m/n/10 2b. H MUST be valid Python code of the exact form: lambda x,y,z
: <boolean expression> 
 []


Overfull \hbox (4.02951pt too wide) in paragraph at lines 129--152
\TU/lmtt/m/n/10 2c. Use Python operators only: ==, !=, <, <=, >, >=, +, -, *, /
, %, and, or, not 
 []

[3]
Missing character: There is no и (U+0438) in font [lmmono10-regular]:!
Missing character: There is no д (U+0434) in font [lmmono10-regular]:!
Missing character: There is no е (U+0435) in font [lmmono10-regular]:!
Missing character: There is no н (U+043D) in font [lmmono10-regular]:!
Missing character: There is no т (U+0442) in font [lmmono10-regular]:!
Missing character: There is no и (U+0438) in font [lmmono10-regular]:!
Missing character: There is no ч (U+0447) in font [lmmono10-regular]:!
Missing character: There is no н (U+043D) in font [lmmono10-regular]:!
Missing character: There is no а (U+0430) in font [lmmono10-regular]:!
Missing character: There is no я (U+044F) in font [lmmono10-regular]:!
Missing character: There is no б (U+0431) in font [lmmono10-regular]:!
Missing character: There is no а (U+0430) in font [lmmono10-regular]:!
Missing character: There is no з (U+0437) in font [lmmono10-regular]:!
Missing character: There is no о (U+043E) in font [lmmono10-regular]:!
Missing character: There is no в (U+0432) in font [lmmono10-regular]:!
Missing character: There is no а (U+0430) in font [lmmono10-regular]:!
Missing character: There is no я (U+044F) in font [lmmono10-regular]:!
Missing character: There is no ч (U+0447) in font [lmmono10-regular]:!
Missing character: There is no а (U+0430) in font [lmmono10-regular]:!
Missing character: There is no с (U+0441) in font [lmmono10-regular]:!
Missing character: There is no т (U+0442) in font [lmmono10-regular]:!
Missing character: There is no ь (U+044C) in font [lmmono10-regular]:!

Overfull \hbox (11.02951pt too wide) in paragraph at lines 159--170
\TU/lmtt/m/n/10 - Prefer tests that could prove your current hypothesis wrong, 
not just confirm it 
 []


Overfull \hbox (5.77951pt too wide) in paragraph at lines 159--170
\TU/lmtt/m/n/10 - Repeatedly proposing triples your current hypothesis already 
expects to be True
 []


Overfull \hbox (16.27951pt too wide) in paragraph at lines 159--170
\TU/lmtt/m/n/10 - Use boundary cases and contrastive cases that distinguish you
r current hypothesis
 []


Overfull \hbox (49.52951pt too wide) in paragraph at lines 159--170
\TU/lmtt/m/n/10 - Consider mathematical properties: sums, products, differences
, divisibility, remainders
 []

)

Package caption Warning: Unused \captionsetup[table] on input line 11.
See the caption package documentation for explanation.

[4] (./appB_standalone.aux)
 ***********
LaTeX2e <2025-11-01>
L3 programming layer <2026-01-19>
 ***********


LaTeX Warning: There were undefined references.


LaTeX Warning: Label(s) may have changed. Rerun to get cross-references right.


Package biblatex Warning: Please (re)run Biber on the file:
(biblatex)                appB_standalone
(biblatex)                and rerun LaTeX afterwards.

Package logreq Info: Writing requests to 'appB_standalone.run.xml'.
\openout1 = `appB_standalone.run.xml'.

 ) 
Here is how much of TeX's memory you used:
 16531 strings out of 468168
 353350 string characters out of 5432816
 1408543 words of memory out of 5000000
 45087 multiletter control sequences out of 15000+600000
 628335 words of font info for 62 fonts, out of 8000000 for 9000
 1348 hyphenation exceptions out of 8191
 78i,11n,96p,704b,1055s stack positions out of 10000i,1000n,20000p,200000b,200000s

Output written on appB_standalone.pdf (4 pages).
